<?xml version="1.0" encoding="UTF-8"?>
<coverage generated="1769570647874" clover="3.2.0">
  <project timestamp="1769570647874" name="All files">
    <metrics statements="478" coveredstatements="329" conditionals="302" coveredconditionals="172" methods="105" coveredmethods="71" elements="885" coveredelements="572" complexity="0" loc="478" ncloc="478" packages="7" files="12" classes="12"/>
    <package name="app.(auth)">
      <metrics statements="125" coveredstatements="80" conditionals="93" coveredconditionals="40" methods="36" coveredmethods="26"/>
      <file name="signin.tsx" path="/home/runner/workspace/app/(auth)/signin.tsx">
        <metrics statements="52" coveredstatements="39" conditionals="38" coveredconditionals="18" methods="14" coveredmethods="9"/>
        <line num="16" count="1" type="stmt"/>
        <line num="17" count="6" type="cond" truecount="1" falsecount="1"/>
        <line num="18" count="0" type="stmt"/>
        <line num="24" count="6" type="stmt"/>
        <line num="48" count="1" type="stmt"/>
        <line num="49" count="6" type="stmt"/>
        <line num="50" count="6" type="stmt"/>
        <line num="54" count="6" type="stmt"/>
        <line num="55" count="6" type="stmt"/>
        <line num="56" count="6" type="stmt"/>
        <line num="58" count="6" type="stmt"/>
        <line num="59" count="6" type="stmt"/>
        <line num="61" count="6" type="stmt"/>
        <line num="62" count="2" type="stmt"/>
        <line num="63" count="2" type="stmt"/>
        <line num="66" count="6" type="stmt"/>
        <line num="71" count="6" type="stmt"/>
        <line num="72" count="1" type="cond" truecount="3" falsecount="1"/>
        <line num="73" count="0" type="stmt"/>
        <line num="75" count="1" type="stmt"/>
        <line num="79" count="6" type="stmt"/>
        <line num="80" count="2" type="stmt"/>
        <line num="81" count="2" type="stmt"/>
        <line num="82" count="2" type="stmt"/>
        <line num="84" count="2" type="cond" truecount="3" falsecount="1"/>
        <line num="85" count="0" type="stmt"/>
        <line num="86" count="0" type="stmt"/>
        <line num="89" count="2" type="stmt"/>
        <line num="91" count="2" type="stmt"/>
        <line num="92" count="2" type="stmt"/>
        <line num="93" count="2" type="stmt"/>
        <line num="95" count="2" type="cond" truecount="2" falsecount="0"/>
        <line num="96" count="1" type="stmt"/>
        <line num="97" count="1" type="stmt"/>
        <line num="103" count="1" type="stmt"/>
        <line num="106" count="1" type="stmt"/>
        <line num="107" count="1" type="stmt"/>
        <line num="109" count="0" type="stmt"/>
        <line num="110" count="0" type="cond" truecount="0" falsecount="2"/>
        <line num="111" count="0" type="cond" truecount="0" falsecount="2"/>
        <line num="114" count="0" type="cond" truecount="0" falsecount="2"/>
        <line num="118" count="6" type="stmt"/>
        <line num="119" count="0" type="stmt"/>
        <line num="126" count="6" type="stmt"/>
        <line num="136" count="0" type="stmt"/>
        <line num="171" count="2" type="stmt"/>
        <line num="189" count="2" type="stmt"/>
        <line num="195" count="0" type="stmt"/>
        <line num="210" count="0" type="stmt"/>
        <line num="226" count="6" type="stmt"/>
        <line num="249" count="0" type="stmt"/>
        <line num="270" count="1" type="stmt"/>
      </file>
      <file name="signup.tsx" path="/home/runner/workspace/app/(auth)/signup.tsx">
        <metrics statements="73" coveredstatements="41" conditionals="55" coveredconditionals="22" methods="22" coveredmethods="17"/>
        <line num="16" count="1" type="stmt"/>
        <line num="17" count="6" type="cond" truecount="1" falsecount="1"/>
        <line num="18" count="0" type="stmt"/>
        <line num="24" count="6" type="stmt"/>
        <line num="52" count="1" type="stmt"/>
        <line num="53" count="6" type="stmt"/>
        <line num="54" count="6" type="stmt"/>
        <line num="60" count="6" type="stmt"/>
        <line num="61" count="6" type="stmt"/>
        <line num="62" count="6" type="stmt"/>
        <line num="63" count="6" type="stmt"/>
        <line num="65" count="6" type="stmt"/>
        <line num="66" count="6" type="stmt"/>
        <line num="68" count="6" type="stmt"/>
        <line num="69" count="1" type="stmt"/>
        <line num="70" count="1" type="stmt"/>
        <line num="73" count="6" type="stmt"/>
        <line num="78" count="6" type="stmt"/>
        <line num="79" count="1" type="cond" truecount="3" falsecount="1"/>
        <line num="80" count="0" type="stmt"/>
        <line num="81" count="0" type="cond" truecount="0" falsecount="2"/>
        <line num="83" count="1" type="cond" truecount="1" falsecount="1"/>
        <line num="87" count="6" type="stmt"/>
        <line num="88" count="1" type="stmt"/>
        <line num="89" count="1" type="stmt"/>
        <line num="90" count="1" type="stmt"/>
        <line num="91" count="1" type="stmt"/>
        <line num="92" count="1" type="stmt"/>
        <line num="94" count="1" type="cond" truecount="4" falsecount="1"/>
        <line num="95" count="0" type="stmt"/>
        <line num="96" count="0" type="stmt"/>
        <line num="99" count="1" type="cond" truecount="1" falsecount="1"/>
        <line num="100" count="0" type="stmt"/>
        <line num="101" count="0" type="stmt"/>
        <line num="104" count="1" type="stmt"/>
        <line num="105" count="1" type="cond" truecount="1" falsecount="1"/>
        <line num="106" count="1" type="cond" truecount="1" falsecount="1"/>
        <line num="107" count="1" type="stmt"/>
        <line num="110" count="0" type="cond" truecount="0" falsecount="2"/>
        <line num="111" count="0" type="stmt"/>
        <line num="112" count="0" type="stmt"/>
        <line num="115" count="0" type="stmt"/>
        <line num="117" count="0" type="stmt"/>
        <line num="118" count="0" type="stmt"/>
        <line num="124" count="0" type="stmt"/>
        <line num="126" count="0" type="cond" truecount="0" falsecount="2"/>
        <line num="127" count="0" type="stmt"/>
        <line num="128" count="0" type="stmt"/>
        <line num="134" count="0" type="stmt"/>
        <line num="137" count="0" type="cond" truecount="0" falsecount="2"/>
        <line num="138" count="0" type="stmt"/>
        <line num="141" count="0" type="stmt"/>
        <line num="143" count="0" type="stmt"/>
        <line num="146" count="0" type="stmt"/>
        <line num="147" count="0" type="stmt"/>
        <line num="149" count="0" type="stmt"/>
        <line num="150" count="0" type="cond" truecount="0" falsecount="2"/>
        <line num="151" count="0" type="cond" truecount="0" falsecount="2"/>
        <line num="154" count="0" type="cond" truecount="0" falsecount="2"/>
        <line num="158" count="6" type="stmt"/>
        <line num="167" count="6" type="stmt"/>
        <line num="175" count="0" type="stmt"/>
        <line num="193" count="36" type="stmt"/>
        <line num="221" count="1" type="stmt"/>
        <line num="235" count="1" type="stmt"/>
        <line num="250" count="1" type="stmt"/>
        <line num="255" count="0" type="stmt"/>
        <line num="274" count="1" type="stmt"/>
        <line num="279" count="0" type="stmt"/>
        <line num="291" count="1" type="stmt"/>
        <line num="306" count="6" type="stmt"/>
        <line num="329" count="0" type="stmt"/>
        <line num="361" count="1" type="stmt"/>
      </file>
    </package>
    <package name="app.(tabs)">
      <metrics statements="53" coveredstatements="49" conditionals="24" coveredconditionals="19" methods="16" coveredmethods="14"/>
      <file name="reminder-settings.tsx" path="/home/runner/workspace/app/(tabs)/reminder-settings.tsx">
        <metrics statements="53" coveredstatements="49" conditionals="24" coveredconditionals="19" methods="16" coveredmethods="14"/>
        <line num="18" count="1" type="cond" truecount="1" falsecount="1"/>
        <line num="19" count="1" type="stmt"/>
        <line num="21" count="0" type="stmt"/>
        <line num="22" count="0" type="stmt"/>
        <line num="35" count="1" type="stmt"/>
        <line num="41" count="1" type="stmt"/>
        <line num="47" count="16" type="stmt"/>
        <line num="48" count="16" type="stmt"/>
        <line num="52" count="16" type="stmt"/>
        <line num="53" count="16" type="stmt"/>
        <line num="55" count="16" type="stmt"/>
        <line num="56" count="7" type="stmt"/>
        <line num="59" count="16" type="stmt"/>
        <line num="60" count="7" type="stmt"/>
        <line num="61" count="7" type="stmt"/>
        <line num="62" count="7" type="cond" truecount="2" falsecount="0"/>
        <line num="63" count="1" type="stmt"/>
        <line num="66" count="0" type="stmt"/>
        <line num="68" count="7" type="stmt"/>
        <line num="72" count="16" type="stmt"/>
        <line num="73" count="2" type="stmt"/>
        <line num="74" count="2" type="stmt"/>
        <line num="75" count="2" type="stmt"/>
        <line num="78" count="2" type="cond" truecount="1" falsecount="1"/>
        <line num="79" count="2" type="stmt"/>
        <line num="82" count="0" type="stmt"/>
        <line num="84" count="2" type="stmt"/>
        <line num="88" count="16" type="stmt"/>
        <line num="89" count="1" type="cond" truecount="1" falsecount="1"/>
        <line num="90" count="1" type="stmt"/>
        <line num="93" count="1" type="stmt"/>
        <line num="94" count="1" type="stmt"/>
        <line num="95" count="1" type="stmt"/>
        <line num="98" count="16" type="stmt"/>
        <line num="99" count="1" type="cond" truecount="1" falsecount="1"/>
        <line num="100" count="1" type="stmt"/>
        <line num="103" count="1" type="stmt"/>
        <line num="104" count="1" type="stmt"/>
        <line num="105" count="1" type="stmt"/>
        <line num="108" count="16" type="stmt"/>
        <line num="117" count="9" type="stmt"/>
        <line num="119" count="27" type="stmt"/>
        <line num="127" count="1" type="stmt"/>
        <line num="140" count="16" type="stmt"/>
        <line num="149" count="9" type="stmt"/>
        <line num="151" count="18" type="stmt"/>
        <line num="154" count="1" type="stmt"/>
        <line num="172" count="16" type="cond" truecount="2" falsecount="0"/>
        <line num="173" count="7" type="stmt"/>
        <line num="182" count="9" type="stmt"/>
        <line num="188" count="1" type="stmt"/>
        <line num="219" count="18" type="stmt"/>
        <line num="277" count="1" type="stmt"/>
      </file>
    </package>
    <package name="components">
      <metrics statements="81" coveredstatements="67" conditionals="76" coveredconditionals="67" methods="17" coveredmethods="12"/>
      <file name="BudgetAlertRow.tsx" path="/home/runner/workspace/components/BudgetAlertRow.tsx">
        <metrics statements="65" coveredstatements="53" conditionals="48" coveredconditionals="40" methods="10" coveredmethods="6"/>
        <line num="26" count="1" type="stmt"/>
        <line num="33" count="17" type="stmt"/>
        <line num="34" count="17" type="cond" truecount="2" falsecount="0"/>
        <line num="35" count="17" type="stmt"/>
        <line num="36" count="17" type="stmt"/>
        <line num="37" count="17" type="stmt"/>
        <line num="39" count="17" type="stmt"/>
        <line num="40" count="18" type="stmt"/>
        <line num="46" count="18" type="cond" truecount="1" falsecount="1"/>
        <line num="49" count="17" type="stmt"/>
        <line num="50" count="3" type="cond" truecount="2" falsecount="0"/>
        <line num="51" count="1" type="stmt"/>
        <line num="52" count="1" type="stmt"/>
        <line num="55" count="2" type="stmt"/>
        <line num="56" count="2" type="cond" truecount="4" falsecount="0"/>
        <line num="57" count="1" type="stmt"/>
        <line num="58" count="1" type="stmt"/>
        <line num="61" count="1" type="stmt"/>
        <line num="62" count="1" type="stmt"/>
        <line num="65" count="17" type="stmt"/>
        <line num="67" count="4" type="cond" truecount="1" falsecount="1"/>
        <line num="68" count="4" type="stmt"/>
        <line num="71" count="4" type="cond" truecount="3" falsecount="1"/>
        <line num="73" count="4" type="stmt"/>
        <line num="74" count="4" type="stmt"/>
        <line num="75" count="4" type="stmt"/>
        <line num="76" count="4" type="stmt"/>
        <line num="79" count="0" type="stmt"/>
        <line num="82" count="17" type="stmt"/>
        <line num="83" count="3" type="cond" truecount="2" falsecount="0"/>
        <line num="84" count="2" type="stmt"/>
        <line num="87" count="1" type="stmt"/>
        <line num="88" count="1" type="stmt"/>
        <line num="89" count="1" type="stmt"/>
        <line num="92" count="1" type="stmt"/>
        <line num="94" count="1" type="stmt"/>
        <line num="95" count="1" type="stmt"/>
        <line num="96" count="1" type="stmt"/>
        <line num="99" count="1" type="cond" truecount="1" falsecount="1"/>
        <line num="100" count="1" type="stmt"/>
        <line num="103" count="0" type="stmt"/>
        <line num="105" count="1" type="stmt"/>
        <line num="109" count="17" type="stmt"/>
        <line num="110" count="0" type="stmt"/>
        <line num="111" count="0" type="stmt"/>
        <line num="114" count="17" type="stmt"/>
        <line num="116" count="3" type="stmt"/>
        <line num="118" count="3" type="stmt"/>
        <line num="119" count="3" type="cond" truecount="1" falsecount="1"/>
        <line num="120" count="0" type="stmt"/>
        <line num="123" count="3" type="cond" truecount="2" falsecount="0"/>
        <line num="124" count="3" type="cond" truecount="1" falsecount="1"/>
        <line num="125" count="0" type="stmt"/>
        <line num="128" count="3" type="cond" truecount="3" falsecount="1"/>
        <line num="129" count="0" type="stmt"/>
        <line num="132" count="3" type="stmt"/>
        <line num="135" count="3" type="cond" truecount="2" falsecount="0"/>
        <line num="136" count="1" type="stmt"/>
        <line num="140" count="17" type="stmt"/>
        <line num="171" count="0" type="stmt"/>
        <line num="172" count="0" type="stmt"/>
        <line num="173" count="0" type="stmt"/>
        <line num="188" count="0" type="stmt"/>
        <line num="189" count="0" type="stmt"/>
        <line num="253" count="1" type="stmt"/>
      </file>
      <file name="ThemeSelector.tsx" path="/home/runner/workspace/components/ThemeSelector.tsx">
        <metrics statements="16" coveredstatements="14" conditionals="28" coveredconditionals="27" methods="7" coveredmethods="6"/>
        <line num="19" count="1" type="stmt"/>
        <line num="40" count="1" type="stmt"/>
        <line num="44" count="13" type="stmt"/>
        <line num="47" count="13" type="cond" truecount="1" falsecount="1"/>
        <line num="48" count="0" type="stmt"/>
        <line num="51" count="13" type="stmt"/>
        <line num="53" count="13" type="stmt"/>
        <line num="54" count="1" type="stmt"/>
        <line num="57" count="13" type="cond" truecount="2" falsecount="0"/>
        <line num="58" count="4" type="stmt"/>
        <line num="61" count="12" type="stmt"/>
        <line num="67" count="0" type="stmt"/>
        <line num="94" count="9" type="stmt"/>
        <line num="106" count="27" type="stmt"/>
        <line num="112" count="1" type="stmt"/>
        <line num="148" count="13" type="stmt"/>
      </file>
    </package>
    <package name="config">
      <metrics statements="7" coveredstatements="7" conditionals="2" coveredconditionals="1" methods="0" coveredmethods="0"/>
      <file name="featureFlags.ts" path="/home/runner/workspace/config/featureFlags.ts">
        <metrics statements="7" coveredstatements="7" conditionals="2" coveredconditionals="1" methods="0" coveredmethods="0"/>
        <line num="2" count="1" type="stmt"/>
        <line num="29" count="1" type="cond" truecount="1" falsecount="1"/>
        <line num="30" count="1" type="stmt"/>
        <line num="31" count="1" type="stmt"/>
        <line num="32" count="1" type="stmt"/>
        <line num="33" count="1" type="stmt"/>
        <line num="34" count="1" type="stmt"/>
      </file>
    </package>
    <package name="constants">
      <metrics statements="27" coveredstatements="16" conditionals="6" coveredconditionals="0" methods="3" coveredmethods="0"/>
      <file name="Typography.ts" path="/home/runner/workspace/constants/Typography.ts">
        <metrics statements="20" coveredstatements="9" conditionals="6" coveredconditionals="0" methods="3" coveredmethods="0"/>
        <line num="5" count="3" type="stmt"/>
        <line num="16" count="3" type="stmt"/>
        <line num="23" count="3" type="stmt"/>
        <line num="30" count="3" type="stmt"/>
        <line num="137" count="3" type="stmt"/>
        <line num="139" count="0" type="cond" truecount="0" falsecount="2"/>
        <line num="140" count="0" type="stmt"/>
        <line num="153" count="0" type="stmt"/>
        <line num="166" count="3" type="stmt"/>
        <line num="178" count="3" type="stmt"/>
        <line num="179" count="0" type="cond" truecount="0" falsecount="2"/>
        <line num="180" count="0" type="stmt"/>
        <line num="183" count="0" type="stmt"/>
        <line num="184" count="0" type="stmt"/>
        <line num="197" count="3" type="stmt"/>
        <line num="198" count="0" type="cond" truecount="0" falsecount="2"/>
        <line num="199" count="0" type="stmt"/>
        <line num="211" count="0" type="stmt"/>
        <line num="212" count="0" type="stmt"/>
        <line num="225" count="3" type="stmt"/>
      </file>
      <file name="auth.ts" path="/home/runner/workspace/constants/auth.ts">
        <metrics statements="3" coveredstatements="3" conditionals="0" coveredconditionals="0" methods="0" coveredmethods="0"/>
        <line num="1" count="1" type="stmt"/>
        <line num="2" count="1" type="stmt"/>
        <line num="4" count="1" type="stmt"/>
      </file>
      <file name="theme.ts" path="/home/runner/workspace/constants/theme.ts">
        <metrics statements="4" coveredstatements="4" conditionals="0" coveredconditionals="0" methods="0" coveredmethods="0"/>
        <line num="34" count="3" type="stmt"/>
        <line num="65" count="3" type="stmt"/>
        <line num="96" count="3" type="stmt"/>
        <line num="104" count="3" type="stmt"/>
      </file>
    </package>
    <package name="contexts">
      <metrics statements="179" coveredstatements="107" conditionals="95" coveredconditionals="42" methods="32" coveredmethods="18"/>
      <file name="AuthContext.tsx" path="/home/runner/workspace/contexts/AuthContext.tsx">
        <metrics statements="128" coveredstatements="72" conditionals="73" coveredconditionals="31" methods="19" coveredmethods="11"/>
        <line num="40" count="1" type="stmt"/>
        <line num="43" count="1" type="cond" truecount="2" falsecount="1"/>
        <line num="46" count="1" type="stmt"/>
        <line num="55" count="1" type="cond" truecount="0" falsecount="1"/>
        <line num="56" count="0" type="stmt"/>
        <line num="57" count="0" type="stmt"/>
        <line num="60" count="1" type="stmt"/>
        <line num="61" count="0" type="stmt"/>
        <line num="62" count="0" type="stmt"/>
        <line num="83" count="1" type="stmt"/>
        <line num="84" count="0" type="stmt"/>
        <line num="85" count="0" type="stmt"/>
        <line num="96" count="1" type="stmt"/>
        <line num="97" count="7" type="stmt"/>
        <line num="98" count="7" type="cond" truecount="1" falsecount="1"/>
        <line num="99" count="0" type="stmt"/>
        <line num="101" count="7" type="stmt"/>
        <line num="104" count="1" type="stmt"/>
        <line num="105" count="8" type="stmt"/>
        <line num="106" count="8" type="stmt"/>
        <line num="107" count="8" type="stmt"/>
        <line num="108" count="8" type="stmt"/>
        <line num="112" count="8" type="cond" truecount="1" falsecount="1"/>
        <line num="114" count="8" type="stmt"/>
        <line num="115" count="3" type="stmt"/>
        <line num="117" count="3" type="cond" truecount="1" falsecount="1"/>
        <line num="118" count="0" type="stmt"/>
        <line num="119" count="0" type="stmt"/>
        <line num="120" count="0" type="stmt"/>
        <line num="124" count="3" type="stmt"/>
        <line num="125" count="3" type="stmt"/>
        <line num="127" count="3" type="cond" truecount="1" falsecount="1"/>
        <line num="128" count="0" type="stmt"/>
        <line num="131" count="0" type="cond" truecount="0" falsecount="2"/>
        <line num="132" count="0" type="stmt"/>
        <line num="134" count="0" type="stmt"/>
        <line num="137" count="3" type="stmt"/>
        <line num="138" count="3" type="cond" truecount="1" falsecount="1"/>
        <line num="139" count="0" type="stmt"/>
        <line num="140" count="0" type="stmt"/>
        <line num="143" count="3" type="cond" truecount="1" falsecount="1"/>
        <line num="144" count="0" type="stmt"/>
        <line num="147" count="3" type="cond" truecount="2" falsecount="0"/>
        <line num="148" count="3" type="cond" truecount="2" falsecount="0"/>
        <line num="150" count="0" type="stmt"/>
        <line num="152" count="3" type="cond" truecount="1" falsecount="1"/>
        <line num="153" count="3" type="stmt"/>
        <line num="158" count="3" type="stmt"/>
        <line num="160" count="3" type="stmt"/>
        <line num="162" count="0" type="cond" truecount="0" falsecount="2"/>
        <line num="163" count="0" type="stmt"/>
        <line num="166" count="0" type="stmt"/>
        <line num="167" count="0" type="cond" truecount="0" falsecount="2"/>
        <line num="168" count="0" type="stmt"/>
        <line num="172" count="3" type="stmt"/>
        <line num="173" count="3" type="stmt"/>
        <line num="174" count="3" type="stmt"/>
        <line num="178" count="8" type="stmt"/>
        <line num="179" count="0" type="cond" truecount="0" falsecount="2"/>
        <line num="180" count="0" type="stmt"/>
        <line num="186" count="0" type="stmt"/>
        <line num="187" count="0" type="stmt"/>
        <line num="188" count="0" type="stmt"/>
        <line num="193" count="0" type="cond" truecount="0" falsecount="2"/>
        <line num="194" count="0" type="stmt"/>
        <line num="197" count="0" type="cond" truecount="0" falsecount="2"/>
        <line num="198" count="0" type="stmt"/>
        <line num="204" count="0" type="stmt"/>
        <line num="205" count="0" type="stmt"/>
        <line num="206" count="0" type="stmt"/>
        <line num="208" count="0" type="stmt"/>
        <line num="209" count="0" type="stmt"/>
        <line num="217" count="0" type="stmt"/>
        <line num="221" count="8" type="stmt"/>
        <line num="231" count="1" type="cond" truecount="1" falsecount="1"/>
        <line num="232" count="0" type="stmt"/>
        <line num="238" count="1" type="stmt"/>
        <line num="239" count="1" type="stmt"/>
        <line num="240" count="1" type="stmt"/>
        <line num="250" count="1" type="cond" truecount="1" falsecount="1"/>
        <line num="251" count="0" type="stmt"/>
        <line num="254" count="1" type="stmt"/>
        <line num="255" count="1" type="cond" truecount="1" falsecount="1"/>
        <line num="256" count="1" type="stmt"/>
        <line num="258" count="1" type="stmt"/>
        <line num="267" count="1" type="stmt"/>
        <line num="269" count="1" type="stmt"/>
        <line num="279" count="1" type="cond" truecount="1" falsecount="1"/>
        <line num="281" count="1" type="cond" truecount="1" falsecount="1"/>
        <line num="282" count="1" type="stmt"/>
        <line num="289" count="1" type="cond" truecount="1" falsecount="1"/>
        <line num="290" count="1" type="stmt"/>
        <line num="291" count="1" type="stmt"/>
        <line num="294" count="1" type="stmt"/>
        <line num="299" count="0" type="stmt"/>
        <line num="300" count="0" type="stmt"/>
        <line num="308" count="1" type="stmt"/>
        <line num="314" count="8" type="stmt"/>
        <line num="315" count="0" type="stmt"/>
        <line num="316" count="0" type="stmt"/>
        <line num="317" count="0" type="stmt"/>
        <line num="318" count="0" type="cond" truecount="0" falsecount="2"/>
        <line num="319" count="0" type="stmt"/>
        <line num="322" count="0" type="stmt"/>
        <line num="323" count="0" type="stmt"/>
        <line num="324" count="0" type="stmt"/>
        <line num="326" count="0" type="stmt"/>
        <line num="327" count="0" type="stmt"/>
        <line num="335" count="0" type="stmt"/>
        <line num="339" count="8" type="stmt"/>
        <line num="340" count="1" type="stmt"/>
        <line num="341" count="1" type="stmt"/>
        <line num="342" count="1" type="cond" truecount="1" falsecount="1"/>
        <line num="343" count="0" type="stmt"/>
        <line num="344" count="0" type="stmt"/>
        <line num="347" count="1" type="cond" truecount="2" falsecount="0"/>
        <line num="348" count="1" type="cond" truecount="2" falsecount="0"/>
        <line num="350" count="0" type="stmt"/>
        <line num="354" count="8" type="stmt"/>
        <line num="355" count="3" type="stmt"/>
        <line num="356" count="1" type="cond" truecount="1" falsecount="1"/>
        <line num="357" count="1" type="stmt"/>
        <line num="361" count="3" type="stmt"/>
        <line num="366" count="3" type="stmt"/>
        <line num="367" count="3" type="stmt"/>
        <line num="371" count="8" type="stmt"/>
        <line num="372" count="7" type="stmt"/>
        <line num="394" count="8" type="stmt"/>
      </file>
      <file name="ThemeContext.tsx" path="/home/runner/workspace/contexts/ThemeContext.tsx">
        <metrics statements="51" coveredstatements="35" conditionals="22" coveredconditionals="11" methods="13" coveredmethods="7"/>
        <line num="15" count="3" type="stmt"/>
        <line num="17" count="3" type="stmt"/>
        <line num="19" count="3" type="stmt"/>
        <line num="20" count="13" type="stmt"/>
        <line num="21" count="13" type="stmt"/>
        <line num="22" count="13" type="stmt"/>
        <line num="25" count="13" type="cond" truecount="2" falsecount="0"/>
        <line num="29" count="13" type="stmt"/>
        <line num="32" count="13" type="stmt"/>
        <line num="33" count="6" type="cond" truecount="1" falsecount="1"/>
        <line num="34" count="0" type="cond" truecount="0" falsecount="2"/>
        <line num="36" count="0" type="stmt"/>
        <line num="37" count="0" type="cond" truecount="0" falsecount="2"/>
        <line num="38" count="0" type="stmt"/>
        <line num="42" count="0" type="stmt"/>
        <line num="43" count="0" type="cond" truecount="0" falsecount="2"/>
        <line num="44" count="0" type="stmt"/>
        <line num="50" count="13" type="stmt"/>
        <line num="51" count="6" type="stmt"/>
        <line num="52" count="6" type="stmt"/>
        <line num="53" count="6" type="stmt"/>
        <line num="54" count="6" type="stmt"/>
        <line num="55" count="6" type="cond" truecount="4" falsecount="0"/>
        <line num="56" count="3" type="stmt"/>
        <line num="59" count="0" type="stmt"/>
        <line num="61" count="6" type="stmt"/>
        <line num="65" count="6" type="stmt"/>
        <line num="69" count="13" type="stmt"/>
        <line num="70" count="13" type="cond" truecount="2" falsecount="0"/>
        <line num="71" count="6" type="stmt"/>
        <line num="75" count="13" type="stmt"/>
        <line num="76" count="1" type="stmt"/>
        <line num="77" count="1" type="stmt"/>
        <line num="78" count="1" type="stmt"/>
        <line num="79" count="0" type="stmt"/>
        <line num="82" count="0" type="stmt"/>
        <line num="86" count="13" type="stmt"/>
        <line num="87" count="0" type="cond" truecount="0" falsecount="2"/>
        <line num="88" count="0" type="stmt"/>
        <line num="91" count="13" type="stmt"/>
        <line num="100" count="13" type="stmt"/>
        <line num="107" count="3" type="stmt"/>
        <line num="108" count="13" type="stmt"/>
        <line num="109" count="13" type="cond" truecount="1" falsecount="1"/>
        <line num="110" count="0" type="stmt"/>
        <line num="112" count="13" type="stmt"/>
        <line num="116" count="3" type="stmt"/>
        <line num="117" count="0" type="stmt"/>
        <line num="118" count="0" type="stmt"/>
        <line num="122" count="3" type="stmt"/>
        <line num="125" count="0" type="stmt"/>
      </file>
    </package>
    <package name="utils.auth">
      <metrics statements="6" coveredstatements="3" conditionals="6" coveredconditionals="3" methods="1" coveredmethods="1"/>
      <file name="validatePassword.ts" path="/home/runner/workspace/utils/auth/validatePassword.ts">
        <metrics statements="6" coveredstatements="3" conditionals="6" coveredconditionals="3" methods="1" coveredmethods="1"/>
        <line num="12" count="1" type="stmt"/>
        <line num="13" count="1" type="cond" truecount="3" falsecount="1"/>
        <line num="14" count="1" type="stmt"/>
        <line num="17" count="0" type="cond" truecount="0" falsecount="2"/>
        <line num="18" count="0" type="stmt"/>
        <line num="21" count="0" type="stmt"/>
      </file>
    </package>
  </project>
</coverage>
