{"/home/runner/workspace/app/(auth)/signin.tsx": {"path":"/home/runner/workspace/app/(auth)/signin.tsx","statementMap":{"0":{"start":{"line":16,"column":17},"end":{"line":29,"column":1}},"1":{"start":{"line":17,"column":2},"end":{"line":23,"column":3}},"2":{"start":{"line":18,"column":4},"end":{"line":22,"column":6}},"3":{"start":{"line":24,"column":2},"end":{"line":28,"column":4}},"4":{"start":{"line":48,"column":19},"end":{"line":268,"column":1}},"5":{"start":{"line":49,"column":17},"end":{"line":49,"column":36}},"6":{"start":{"line":50,"column":34},"end":{"line":53,"column":4}},"7":{"start":{"line":54,"column":42},"end":{"line":54,"column":57}},"8":{"start":{"line":55,"column":38},"end":{"line":55,"column":53}},"9":{"start":{"line":56,"column":34},"end":{"line":56,"column":43}},"10":{"start":{"line":58,"column":19},"end":{"line":58,"column":36}},"11":{"start":{"line":59,"column":20},"end":{"line":59,"column":38}},"12":{"start":{"line":61,"column":2},"end":{"line":64,"column":9}},"13":{"start":{"line":62,"column":4},"end":{"line":62,"column":54}},"14":{"start":{"line":63,"column":4},"end":{"line":63,"column":53}},"15":{"start":{"line":66,"column":24},"end":{"line":69,"column":5}},"16":{"start":{"line":66,"column":48},"end":{"line":69,"column":3}},"17":{"start":{"line":71,"column":20},"end":{"line":77,"column":3}},"18":{"start":{"line":72,"column":4},"end":{"line":76,"column":5}},"19":{"start":{"line":73,"column":6},"end":{"line":73,"column":45}},"20":{"start":{"line":75,"column":6},"end":{"line":75,"column":34}},"21":{"start":{"line":79,"column":23},"end":{"line":116,"column":3}},"22":{"start":{"line":80,"column":4},"end":{"line":80,"column":42}},"23":{"start":{"line":81,"column":18},"end":{"line":81,"column":53}},"24":{"start":{"line":82,"column":21},"end":{"line":82,"column":38}},"25":{"start":{"line":84,"column":4},"end":{"line":87,"column":5}},"26":{"start":{"line":85,"column":6},"end":{"line":85,"column":54}},"27":{"start":{"line":86,"column":6},"end":{"line":86,"column":13}},"28":{"start":{"line":89,"column":4},"end":{"line":89,"column":50}},"29":{"start":{"line":91,"column":4},"end":{"line":115,"column":5}},"30":{"start":{"line":92,"column":33},"end":{"line":92,"column":62}},"31":{"start":{"line":93,"column":6},"end":{"line":93,"column":57}},"32":{"start":{"line":95,"column":6},"end":{"line":104,"column":7}},"33":{"start":{"line":96,"column":31},"end":{"line":96,"column":71}},"34":{"start":{"line":97,"column":8},"end":{"line":102,"column":10}},"35":{"start":{"line":103,"column":8},"end":{"line":103,"column":15}},"36":{"start":{"line":106,"column":6},"end":{"line":106,"column":60}},"37":{"start":{"line":107,"column":6},"end":{"line":107,"column":32}},"38":{"start":{"line":109,"column":6},"end":{"line":109,"column":45}},"39":{"start":{"line":110,"column":29},"end":{"line":110,"column":102}},"40":{"start":{"line":111,"column":22},"end":{"line":113,"column":48}},"41":{"start":{"line":114,"column":6},"end":{"line":114,"column":78}},"42":{"start":{"line":118,"column":31},"end":{"line":124,"column":3}},"43":{"start":{"line":119,"column":4},"end":{"line":123,"column":6}},"44":{"start":{"line":126,"column":2},"end":{"line":267,"column":4}},"45":{"start":{"line":136,"column":27},"end":{"line":136,"column":40}},"46":{"start":{"line":171,"column":47},"end":{"line":171,"column":80}},"47":{"start":{"line":189,"column":50},"end":{"line":189,"column":86}},"48":{"start":{"line":195,"column":37},"end":{"line":195,"column":67}},"49":{"start":{"line":210,"column":35},"end":{"line":210,"column":61}},"50":{"start":{"line":226,"column":42},"end":{"line":230,"column":19}},"51":{"start":{"line":249,"column":44},"end":{"line":249,"column":73}},"52":{"start":{"line":270,"column":15},"end":{"line":449,"column":2}}},"fnMap":{"0":{"name":"(anonymous_0)","decl":{"start":{"line":16,"column":17},"end":{"line":16,"column":18}},"loc":{"start":{"line":16,"column":86},"end":{"line":29,"column":1}},"line":16},"1":{"name":"(anonymous_1)","decl":{"start":{"line":48,"column":19},"end":{"line":48,"column":20}},"loc":{"start":{"line":48,"column":25},"end":{"line":268,"column":1}},"line":48},"2":{"name":"(anonymous_2)","decl":{"start":{"line":61,"column":18},"end":{"line":61,"column":19}},"loc":{"start":{"line":61,"column":24},"end":{"line":64,"column":3}},"line":61},"3":{"name":"(anonymous_3)","decl":{"start":{"line":66,"column":41},"end":{"line":66,"column":42}},"loc":{"start":{"line":66,"column":48},"end":{"line":69,"column":3}},"line":66},"4":{"name":"(anonymous_4)","decl":{"start":{"line":71,"column":20},"end":{"line":71,"column":21}},"loc":{"start":{"line":71,"column":56},"end":{"line":77,"column":3}},"line":71},"5":{"name":"(anonymous_5)","decl":{"start":{"line":79,"column":23},"end":{"line":79,"column":24}},"loc":{"start":{"line":79,"column":35},"end":{"line":116,"column":3}},"line":79},"6":{"name":"(anonymous_6)","decl":{"start":{"line":118,"column":31},"end":{"line":118,"column":32}},"loc":{"start":{"line":118,"column":37},"end":{"line":124,"column":3}},"line":118},"7":{"name":"(anonymous_7)","decl":{"start":{"line":136,"column":21},"end":{"line":136,"column":22}},"loc":{"start":{"line":136,"column":27},"end":{"line":136,"column":40}},"line":136},"8":{"name":"(anonymous_8)","decl":{"start":{"line":171,"column":36},"end":{"line":171,"column":37}},"loc":{"start":{"line":171,"column":47},"end":{"line":171,"column":80}},"line":171},"9":{"name":"(anonymous_9)","decl":{"start":{"line":189,"column":36},"end":{"line":189,"column":37}},"loc":{"start":{"line":189,"column":50},"end":{"line":189,"column":86}},"line":189},"10":{"name":"(anonymous_10)","decl":{"start":{"line":195,"column":31},"end":{"line":195,"column":32}},"loc":{"start":{"line":195,"column":37},"end":{"line":195,"column":67}},"line":195},"11":{"name":"(anonymous_11)","decl":{"start":{"line":210,"column":29},"end":{"line":210,"column":30}},"loc":{"start":{"line":210,"column":35},"end":{"line":210,"column":61}},"line":210},"12":{"name":"(anonymous_12)","decl":{"start":{"line":226,"column":25},"end":{"line":226,"column":26}},"loc":{"start":{"line":226,"column":42},"end":{"line":230,"column":19}},"line":226},"13":{"name":"(anonymous_13)","decl":{"start":{"line":249,"column":38},"end":{"line":249,"column":39}},"loc":{"start":{"line":249,"column":44},"end":{"line":249,"column":73}},"line":249}},"branchMap":{"0":{"loc":{"start":{"line":17,"column":2},"end":{"line":23,"column":3}},"type":"if","locations":[{"start":{"line":17,"column":2},"end":{"line":23,"column":3}},{"start":{},"end":{}}],"line":17},"1":{"loc":{"start":{"line":72,"column":4},"end":{"line":76,"column":5}},"type":"if","locations":[{"start":{"line":72,"column":4},"end":{"line":76,"column":5}},{"start":{"line":74,"column":11},"end":{"line":76,"column":5}}],"line":72},"2":{"loc":{"start":{"line":72,"column":8},"end":{"line":72,"column":53}},"type":"binary-expr","locations":[{"start":{"line":72,"column":8},"end":{"line":72,"column":37}},{"start":{"line":72,"column":41},"end":{"line":72,"column":53}}],"line":72},"3":{"loc":{"start":{"line":84,"column":4},"end":{"line":87,"column":5}},"type":"if","locations":[{"start":{"line":84,"column":4},"end":{"line":87,"column":5}},{"start":{},"end":{}}],"line":84},"4":{"loc":{"start":{"line":84,"column":8},"end":{"line":84,"column":27}},"type":"binary-expr","locations":[{"start":{"line":84,"column":8},"end":{"line":84,"column":14}},{"start":{"line":84,"column":18},"end":{"line":84,"column":27}}],"line":84},"5":{"loc":{"start":{"line":95,"column":6},"end":{"line":104,"column":7}},"type":"if","locations":[{"start":{"line":95,"column":6},"end":{"line":104,"column":7}},{"start":{},"end":{}}],"line":95},"6":{"loc":{"start":{"line":98,"column":10},"end":{"line":98,"column":61}},"type":"cond-expr","locations":[{"start":{"line":98,"column":27},"end":{"line":98,"column":42}},{"start":{"line":98,"column":45},"end":{"line":98,"column":61}}],"line":98},"7":{"loc":{"start":{"line":99,"column":10},"end":{"line":101,"column":61}},"type":"cond-expr","locations":[{"start":{"line":100,"column":14},"end":{"line":100,"column":95}},{"start":{"line":101,"column":14},"end":{"line":101,"column":61}}],"line":99},"8":{"loc":{"start":{"line":101,"column":14},"end":{"line":101,"column":61}},"type":"binary-expr","locations":[{"start":{"line":101,"column":14},"end":{"line":101,"column":19}},{"start":{"line":101,"column":23},"end":{"line":101,"column":61}}],"line":101},"9":{"loc":{"start":{"line":110,"column":29},"end":{"line":110,"column":102}},"type":"binary-expr","locations":[{"start":{"line":110,"column":29},"end":{"line":110,"column":51}},{"start":{"line":110,"column":55},"end":{"line":110,"column":102}}],"line":110},"10":{"loc":{"start":{"line":111,"column":22},"end":{"line":113,"column":48}},"type":"cond-expr","locations":[{"start":{"line":112,"column":10},"end":{"line":112,"column":91}},{"start":{"line":113,"column":10},"end":{"line":113,"column":48}}],"line":111},"11":{"loc":{"start":{"line":114,"column":16},"end":{"line":114,"column":67}},"type":"cond-expr","locations":[{"start":{"line":114,"column":33},"end":{"line":114,"column":48}},{"start":{"line":114,"column":51},"end":{"line":114,"column":67}}],"line":114},"12":{"loc":{"start":{"line":197,"column":23},"end":{"line":201,"column":23}},"type":"cond-expr","locations":[{"start":{"line":198,"column":24},"end":{"line":198,"column":60}},{"start":{"line":200,"column":24},"end":{"line":200,"column":57}}],"line":197},"13":{"loc":{"start":{"line":212,"column":51},"end":{"line":212,"column":87}},"type":"binary-expr","locations":[{"start":{"line":212,"column":51},"end":{"line":212,"column":61}},{"start":{"line":212,"column":65},"end":{"line":212,"column":87}}],"line":212},"14":{"loc":{"start":{"line":213,"column":23},"end":{"line":213,"column":78}},"type":"binary-expr","locations":[{"start":{"line":213,"column":23},"end":{"line":213,"column":33}},{"start":{"line":213,"column":37},"end":{"line":213,"column":78}}],"line":213},"15":{"loc":{"start":{"line":228,"column":20},"end":{"line":228,"column":61}},"type":"binary-expr","locations":[{"start":{"line":228,"column":20},"end":{"line":228,"column":31}},{"start":{"line":228,"column":35},"end":{"line":228,"column":61}}],"line":228},"16":{"loc":{"start":{"line":229,"column":20},"end":{"line":229,"column":47}},"type":"binary-expr","locations":[{"start":{"line":229,"column":20},"end":{"line":229,"column":27}},{"start":{"line":229,"column":31},"end":{"line":229,"column":47}}],"line":229},"17":{"loc":{"start":{"line":238,"column":28},"end":{"line":238,"column":89}},"type":"cond-expr","locations":[{"start":{"line":238,"column":42},"end":{"line":238,"column":64}},{"start":{"line":238,"column":67},"end":{"line":238,"column":89}}],"line":238},"18":{"loc":{"start":{"line":242,"column":23},"end":{"line":242,"column":64}},"type":"cond-expr","locations":[{"start":{"line":242,"column":37},"end":{"line":242,"column":52}},{"start":{"line":242,"column":55},"end":{"line":242,"column":64}}],"line":242}},"s":{"0":1,"1":6,"2":0,"3":6,"4":1,"5":6,"6":6,"7":6,"8":6,"9":6,"10":6,"11":6,"12":6,"13":2,"14":2,"15":6,"16":6,"17":6,"18":1,"19":0,"20":1,"21":6,"22":2,"23":2,"24":2,"25":2,"26":0,"27":0,"28":2,"29":2,"30":2,"31":2,"32":2,"33":1,"34":1,"35":1,"36":1,"37":1,"38":0,"39":0,"40":0,"41":0,"42":6,"43":0,"44":6,"45":0,"46":2,"47":2,"48":0,"49":0,"50":6,"51":0,"52":1},"f":{"0":6,"1":6,"2":2,"3":6,"4":1,"5":2,"6":0,"7":0,"8":2,"9":2,"10":0,"11":0,"12":6,"13":0},"b":{"0":[0,6],"1":[0,1],"2":[1,1],"3":[0,2],"4":[2,2],"5":[1,1],"6":[1,0],"7":[1,0],"8":[0,0],"9":[0,0],"10":[0,0],"11":[0,0],"12":[0,6],"13":[6,0],"14":[6,0],"15":[6,0],"16":[6,0],"17":[0,6],"18":[0,6]},"_coverageSchema":"1a1c01bbd47fc00a2c39e90264f33305004495a9","hash":"ccff01b3f9aeed239f6d734881384e5e777b1e9e"}
,"/home/runner/workspace/app/(auth)/signup.tsx": {"path":"/home/runner/workspace/app/(auth)/signup.tsx","statementMap":{"0":{"start":{"line":16,"column":17},"end":{"line":29,"column":1}},"1":{"start":{"line":17,"column":2},"end":{"line":23,"column":3}},"2":{"start":{"line":18,"column":4},"end":{"line":22,"column":6}},"3":{"start":{"line":24,"column":2},"end":{"line":28,"column":4}},"4":{"start":{"line":52,"column":19},"end":{"line":359,"column":1}},"5":{"start":{"line":53,"column":17},"end":{"line":53,"column":36}},"6":{"start":{"line":54,"column":34},"end":{"line":59,"column":4}},"7":{"start":{"line":60,"column":42},"end":{"line":60,"column":57}},"8":{"start":{"line":61,"column":56},"end":{"line":61,"column":71}},"9":{"start":{"line":62,"column":44},"end":{"line":62,"column":59}},"10":{"start":{"line":63,"column":51},"end":{"line":63,"column":60}},"11":{"start":{"line":65,"column":19},"end":{"line":65,"column":36}},"12":{"start":{"line":66,"column":20},"end":{"line":66,"column":38}},"13":{"start":{"line":68,"column":2},"end":{"line":71,"column":9}},"14":{"start":{"line":69,"column":4},"end":{"line":69,"column":54}},"15":{"start":{"line":70,"column":4},"end":{"line":70,"column":53}},"16":{"start":{"line":73,"column":24},"end":{"line":76,"column":5}},"17":{"start":{"line":73,"column":48},"end":{"line":76,"column":3}},"18":{"start":{"line":78,"column":20},"end":{"line":85,"column":3}},"19":{"start":{"line":79,"column":4},"end":{"line":84,"column":5}},"20":{"start":{"line":80,"column":6},"end":{"line":80,"column":45}},"21":{"start":{"line":81,"column":6},"end":{"line":81,"column":23}},"22":{"start":{"line":81,"column":16},"end":{"line":81,"column":23}},"23":{"start":{"line":83,"column":6},"end":{"line":83,"column":86}},"24":{"start":{"line":87,"column":23},"end":{"line":156,"column":3}},"25":{"start":{"line":88,"column":4},"end":{"line":88,"column":42}},"26":{"start":{"line":89,"column":17},"end":{"line":89,"column":37}},"27":{"start":{"line":90,"column":18},"end":{"line":90,"column":53}},"28":{"start":{"line":91,"column":21},"end":{"line":91,"column":38}},"29":{"start":{"line":92,"column":28},"end":{"line":92,"column":52}},"30":{"start":{"line":94,"column":4},"end":{"line":97,"column":5}},"31":{"start":{"line":95,"column":6},"end":{"line":95,"column":54}},"32":{"start":{"line":96,"column":6},"end":{"line":96,"column":13}},"33":{"start":{"line":99,"column":4},"end":{"line":102,"column":5}},"34":{"start":{"line":100,"column":6},"end":{"line":100,"column":51}},"35":{"start":{"line":101,"column":6},"end":{"line":101,"column":13}},"36":{"start":{"line":104,"column":31},"end":{"line":104,"column":57}},"37":{"start":{"line":105,"column":4},"end":{"line":108,"column":5}},"38":{"start":{"line":106,"column":6},"end":{"line":106,"column":86}},"39":{"start":{"line":107,"column":6},"end":{"line":107,"column":13}},"40":{"start":{"line":110,"column":4},"end":{"line":113,"column":5}},"41":{"start":{"line":111,"column":6},"end":{"line":111,"column":67}},"42":{"start":{"line":112,"column":6},"end":{"line":112,"column":13}},"43":{"start":{"line":115,"column":4},"end":{"line":115,"column":50}},"44":{"start":{"line":117,"column":4},"end":{"line":155,"column":5}},"45":{"start":{"line":118,"column":60},"end":{"line":122,"column":8}},"46":{"start":{"line":124,"column":6},"end":{"line":124,"column":84}},"47":{"start":{"line":126,"column":6},"end":{"line":135,"column":7}},"48":{"start":{"line":127,"column":31},"end":{"line":127,"column":71}},"49":{"start":{"line":128,"column":8},"end":{"line":133,"column":10}},"50":{"start":{"line":134,"column":8},"end":{"line":134,"column":15}},"51":{"start":{"line":137,"column":6},"end":{"line":144,"column":7}},"52":{"start":{"line":138,"column":8},"end":{"line":142,"column":10}},"53":{"start":{"line":141,"column":16},"end":{"line":141,"column":48}},"54":{"start":{"line":143,"column":8},"end":{"line":143,"column":15}},"55":{"start":{"line":146,"column":6},"end":{"line":146,"column":86}},"56":{"start":{"line":147,"column":6},"end":{"line":147,"column":32}},"57":{"start":{"line":149,"column":6},"end":{"line":149,"column":45}},"58":{"start":{"line":150,"column":29},"end":{"line":150,"column":102}},"59":{"start":{"line":151,"column":22},"end":{"line":153,"column":60}},"60":{"start":{"line":154,"column":6},"end":{"line":154,"column":78}},"61":{"start":{"line":158,"column":19},"end":{"line":165,"column":3}},"62":{"start":{"line":167,"column":2},"end":{"line":358,"column":4}},"63":{"start":{"line":175,"column":25},"end":{"line":175,"column":38}},"64":{"start":{"line":193,"column":16},"end":{"line":196,"column":23}},"65":{"start":{"line":221,"column":50},"end":{"line":221,"column":96}},"66":{"start":{"line":221,"column":71},"end":{"line":221,"column":94}},"67":{"start":{"line":235,"column":50},"end":{"line":235,"column":97}},"68":{"start":{"line":235,"column":71},"end":{"line":235,"column":95}},"69":{"start":{"line":250,"column":50},"end":{"line":250,"column":100}},"70":{"start":{"line":250,"column":71},"end":{"line":250,"column":98}},"71":{"start":{"line":255,"column":33},"end":{"line":255,"column":63}},"72":{"start":{"line":274,"column":50},"end":{"line":274,"column":107}},"73":{"start":{"line":274,"column":71},"end":{"line":274,"column":105}},"74":{"start":{"line":279,"column":33},"end":{"line":279,"column":77}},"75":{"start":{"line":291,"column":31},"end":{"line":291,"column":63}},"76":{"start":{"line":306,"column":40},"end":{"line":310,"column":17}},"77":{"start":{"line":329,"column":42},"end":{"line":329,"column":71}},"78":{"start":{"line":361,"column":15},"end":{"line":563,"column":2}}},"fnMap":{"0":{"name":"(anonymous_0)","decl":{"start":{"line":16,"column":17},"end":{"line":16,"column":18}},"loc":{"start":{"line":16,"column":86},"end":{"line":29,"column":1}},"line":16},"1":{"name":"(anonymous_1)","decl":{"start":{"line":52,"column":19},"end":{"line":52,"column":20}},"loc":{"start":{"line":52,"column":25},"end":{"line":359,"column":1}},"line":52},"2":{"name":"(anonymous_2)","decl":{"start":{"line":68,"column":18},"end":{"line":68,"column":19}},"loc":{"start":{"line":68,"column":24},"end":{"line":71,"column":3}},"line":68},"3":{"name":"(anonymous_3)","decl":{"start":{"line":73,"column":41},"end":{"line":73,"column":42}},"loc":{"start":{"line":73,"column":48},"end":{"line":76,"column":3}},"line":73},"4":{"name":"(anonymous_4)","decl":{"start":{"line":78,"column":20},"end":{"line":78,"column":21}},"loc":{"start":{"line":78,"column":75},"end":{"line":85,"column":3}},"line":78},"5":{"name":"(anonymous_5)","decl":{"start":{"line":87,"column":23},"end":{"line":87,"column":24}},"loc":{"start":{"line":87,"column":35},"end":{"line":156,"column":3}},"line":87},"6":{"name":"(anonymous_6)","decl":{"start":{"line":141,"column":10},"end":{"line":141,"column":11}},"loc":{"start":{"line":141,"column":16},"end":{"line":141,"column":48}},"line":141},"7":{"name":"(anonymous_7)","decl":{"start":{"line":175,"column":19},"end":{"line":175,"column":20}},"loc":{"start":{"line":175,"column":25},"end":{"line":175,"column":38}},"line":175},"8":{"name":"(anonymous_8)","decl":{"start":{"line":192,"column":28},"end":{"line":192,"column":29}},"loc":{"start":{"line":193,"column":16},"end":{"line":196,"column":23}},"line":193},"9":{"name":"(anonymous_9)","decl":{"start":{"line":221,"column":32},"end":{"line":221,"column":33}},"loc":{"start":{"line":221,"column":50},"end":{"line":221,"column":96}},"line":221},"10":{"name":"(anonymous_10)","decl":{"start":{"line":221,"column":62},"end":{"line":221,"column":63}},"loc":{"start":{"line":221,"column":71},"end":{"line":221,"column":94}},"line":221},"11":{"name":"(anonymous_11)","decl":{"start":{"line":235,"column":32},"end":{"line":235,"column":33}},"loc":{"start":{"line":235,"column":50},"end":{"line":235,"column":97}},"line":235},"12":{"name":"(anonymous_12)","decl":{"start":{"line":235,"column":62},"end":{"line":235,"column":63}},"loc":{"start":{"line":235,"column":71},"end":{"line":235,"column":95}},"line":235},"13":{"name":"(anonymous_13)","decl":{"start":{"line":250,"column":32},"end":{"line":250,"column":33}},"loc":{"start":{"line":250,"column":50},"end":{"line":250,"column":100}},"line":250},"14":{"name":"(anonymous_14)","decl":{"start":{"line":250,"column":62},"end":{"line":250,"column":63}},"loc":{"start":{"line":250,"column":71},"end":{"line":250,"column":98}},"line":250},"15":{"name":"(anonymous_15)","decl":{"start":{"line":255,"column":27},"end":{"line":255,"column":28}},"loc":{"start":{"line":255,"column":33},"end":{"line":255,"column":63}},"line":255},"16":{"name":"(anonymous_16)","decl":{"start":{"line":274,"column":32},"end":{"line":274,"column":33}},"loc":{"start":{"line":274,"column":50},"end":{"line":274,"column":107}},"line":274},"17":{"name":"(anonymous_17)","decl":{"start":{"line":274,"column":62},"end":{"line":274,"column":63}},"loc":{"start":{"line":274,"column":71},"end":{"line":274,"column":105}},"line":274},"18":{"name":"(anonymous_18)","decl":{"start":{"line":279,"column":27},"end":{"line":279,"column":28}},"loc":{"start":{"line":279,"column":33},"end":{"line":279,"column":77}},"line":279},"19":{"name":"(anonymous_19)","decl":{"start":{"line":291,"column":25},"end":{"line":291,"column":26}},"loc":{"start":{"line":291,"column":31},"end":{"line":291,"column":63}},"line":291},"20":{"name":"(anonymous_20)","decl":{"start":{"line":306,"column":23},"end":{"line":306,"column":24}},"loc":{"start":{"line":306,"column":40},"end":{"line":310,"column":17}},"line":306},"21":{"name":"(anonymous_21)","decl":{"start":{"line":329,"column":36},"end":{"line":329,"column":37}},"loc":{"start":{"line":329,"column":42},"end":{"line":329,"column":71}},"line":329}},"branchMap":{"0":{"loc":{"start":{"line":17,"column":2},"end":{"line":23,"column":3}},"type":"if","locations":[{"start":{"line":17,"column":2},"end":{"line":23,"column":3}},{"start":{},"end":{}}],"line":17},"1":{"loc":{"start":{"line":79,"column":4},"end":{"line":84,"column":5}},"type":"if","locations":[{"start":{"line":79,"column":4},"end":{"line":84,"column":5}},{"start":{"line":82,"column":11},"end":{"line":84,"column":5}}],"line":79},"2":{"loc":{"start":{"line":79,"column":8},"end":{"line":79,"column":53}},"type":"binary-expr","locations":[{"start":{"line":79,"column":8},"end":{"line":79,"column":37}},{"start":{"line":79,"column":41},"end":{"line":79,"column":53}}],"line":79},"3":{"loc":{"start":{"line":81,"column":6},"end":{"line":81,"column":23}},"type":"if","locations":[{"start":{"line":81,"column":6},"end":{"line":81,"column":23}},{"start":{},"end":{}}],"line":81},"4":{"loc":{"start":{"line":83,"column":34},"end":{"line":83,"column":84}},"type":"cond-expr","locations":[{"start":{"line":83,"column":41},"end":{"line":83,"column":72}},{"start":{"line":83,"column":75},"end":{"line":83,"column":84}}],"line":83},"5":{"loc":{"start":{"line":94,"column":4},"end":{"line":97,"column":5}},"type":"if","locations":[{"start":{"line":94,"column":4},"end":{"line":97,"column":5}},{"start":{},"end":{}}],"line":94},"6":{"loc":{"start":{"line":94,"column":8},"end":{"line":94,"column":36}},"type":"binary-expr","locations":[{"start":{"line":94,"column":8},"end":{"line":94,"column":13}},{"start":{"line":94,"column":17},"end":{"line":94,"column":23}},{"start":{"line":94,"column":27},"end":{"line":94,"column":36}}],"line":94},"7":{"loc":{"start":{"line":99,"column":4},"end":{"line":102,"column":5}},"type":"if","locations":[{"start":{"line":99,"column":4},"end":{"line":102,"column":5}},{"start":{},"end":{}}],"line":99},"8":{"loc":{"start":{"line":105,"column":4},"end":{"line":108,"column":5}},"type":"if","locations":[{"start":{"line":105,"column":4},"end":{"line":108,"column":5}},{"start":{},"end":{}}],"line":105},"9":{"loc":{"start":{"line":106,"column":33},"end":{"line":106,"column":84}},"type":"binary-expr","locations":[{"start":{"line":106,"column":33},"end":{"line":106,"column":59}},{"start":{"line":106,"column":63},"end":{"line":106,"column":84}}],"line":106},"10":{"loc":{"start":{"line":110,"column":4},"end":{"line":113,"column":5}},"type":"if","locations":[{"start":{"line":110,"column":4},"end":{"line":113,"column":5}},{"start":{},"end":{}}],"line":110},"11":{"loc":{"start":{"line":126,"column":6},"end":{"line":135,"column":7}},"type":"if","locations":[{"start":{"line":126,"column":6},"end":{"line":135,"column":7}},{"start":{},"end":{}}],"line":126},"12":{"loc":{"start":{"line":129,"column":10},"end":{"line":129,"column":61}},"type":"cond-expr","locations":[{"start":{"line":129,"column":27},"end":{"line":129,"column":42}},{"start":{"line":129,"column":45},"end":{"line":129,"column":61}}],"line":129},"13":{"loc":{"start":{"line":130,"column":10},"end":{"line":132,"column":73}},"type":"cond-expr","locations":[{"start":{"line":131,"column":14},"end":{"line":131,"column":95}},{"start":{"line":132,"column":14},"end":{"line":132,"column":73}}],"line":130},"14":{"loc":{"start":{"line":132,"column":14},"end":{"line":132,"column":73}},"type":"binary-expr","locations":[{"start":{"line":132,"column":14},"end":{"line":132,"column":19}},{"start":{"line":132,"column":23},"end":{"line":132,"column":73}}],"line":132},"15":{"loc":{"start":{"line":137,"column":6},"end":{"line":144,"column":7}},"type":"if","locations":[{"start":{"line":137,"column":6},"end":{"line":144,"column":7}},{"start":{},"end":{}}],"line":137},"16":{"loc":{"start":{"line":150,"column":29},"end":{"line":150,"column":102}},"type":"binary-expr","locations":[{"start":{"line":150,"column":29},"end":{"line":150,"column":51}},{"start":{"line":150,"column":55},"end":{"line":150,"column":102}}],"line":150},"17":{"loc":{"start":{"line":151,"column":22},"end":{"line":153,"column":60}},"type":"cond-expr","locations":[{"start":{"line":152,"column":10},"end":{"line":152,"column":91}},{"start":{"line":153,"column":10},"end":{"line":153,"column":60}}],"line":151},"18":{"loc":{"start":{"line":154,"column":16},"end":{"line":154,"column":67}},"type":"cond-expr","locations":[{"start":{"line":154,"column":33},"end":{"line":154,"column":48}},{"start":{"line":154,"column":51},"end":{"line":154,"column":67}}],"line":154},"19":{"loc":{"start":{"line":257,"column":19},"end":{"line":261,"column":19}},"type":"cond-expr","locations":[{"start":{"line":258,"column":20},"end":{"line":258,"column":56}},{"start":{"line":260,"column":20},"end":{"line":260,"column":53}}],"line":257},"20":{"loc":{"start":{"line":281,"column":19},"end":{"line":285,"column":19}},"type":"cond-expr","locations":[{"start":{"line":282,"column":20},"end":{"line":282,"column":56}},{"start":{"line":284,"column":20},"end":{"line":284,"column":53}}],"line":281},"21":{"loc":{"start":{"line":293,"column":47},"end":{"line":293,"column":85}},"type":"binary-expr","locations":[{"start":{"line":293,"column":47},"end":{"line":293,"column":60}},{"start":{"line":293,"column":64},"end":{"line":293,"column":85}}],"line":293},"22":{"loc":{"start":{"line":294,"column":19},"end":{"line":294,"column":77}},"type":"binary-expr","locations":[{"start":{"line":294,"column":19},"end":{"line":294,"column":32}},{"start":{"line":294,"column":36},"end":{"line":294,"column":77}}],"line":294},"23":{"loc":{"start":{"line":308,"column":18},"end":{"line":308,"column":60}},"type":"binary-expr","locations":[{"start":{"line":308,"column":18},"end":{"line":308,"column":29}},{"start":{"line":308,"column":33},"end":{"line":308,"column":60}}],"line":308},"24":{"loc":{"start":{"line":309,"column":18},"end":{"line":309,"column":45}},"type":"binary-expr","locations":[{"start":{"line":309,"column":18},"end":{"line":309,"column":25}},{"start":{"line":309,"column":29},"end":{"line":309,"column":45}}],"line":309},"25":{"loc":{"start":{"line":318,"column":26},"end":{"line":318,"column":87}},"type":"cond-expr","locations":[{"start":{"line":318,"column":40},"end":{"line":318,"column":62}},{"start":{"line":318,"column":65},"end":{"line":318,"column":87}}],"line":318},"26":{"loc":{"start":{"line":322,"column":21},"end":{"line":322,"column":77}},"type":"cond-expr","locations":[{"start":{"line":322,"column":35},"end":{"line":322,"column":56}},{"start":{"line":322,"column":59},"end":{"line":322,"column":77}}],"line":322}},"s":{"0":1,"1":6,"2":0,"3":6,"4":1,"5":6,"6":6,"7":6,"8":6,"9":6,"10":6,"11":6,"12":6,"13":6,"14":1,"15":1,"16":6,"17":6,"18":6,"19":1,"20":0,"21":0,"22":0,"23":1,"24":6,"25":1,"26":1,"27":1,"28":1,"29":1,"30":1,"31":0,"32":0,"33":1,"34":0,"35":0,"36":1,"37":1,"38":1,"39":1,"40":0,"41":0,"42":0,"43":0,"44":0,"45":0,"46":0,"47":0,"48":0,"49":0,"50":0,"51":0,"52":0,"53":0,"54":0,"55":0,"56":0,"57":0,"58":0,"59":0,"60":0,"61":6,"62":6,"63":0,"64":36,"65":1,"66":1,"67":1,"68":1,"69":1,"70":1,"71":0,"72":1,"73":1,"74":0,"75":1,"76":6,"77":0,"78":1},"f":{"0":6,"1":6,"2":1,"3":6,"4":1,"5":1,"6":0,"7":0,"8":36,"9":1,"10":1,"11":1,"12":1,"13":1,"14":1,"15":0,"16":1,"17":1,"18":0,"19":1,"20":6,"21":0},"b":{"0":[0,6],"1":[0,1],"2":[1,1],"3":[0,0],"4":[0,1],"5":[0,1],"6":[1,1,1],"7":[0,1],"8":[1,0],"9":[1,0],"10":[0,0],"11":[0,0],"12":[0,0],"13":[0,0],"14":[0,0],"15":[0,0],"16":[0,0],"17":[0,0],"18":[0,0],"19":[0,6],"20":[0,6],"21":[6,1],"22":[6,1],"23":[6,0],"24":[6,0],"25":[0,6],"26":[0,6]},"_coverageSchema":"1a1c01bbd47fc00a2c39e90264f33305004495a9","hash":"1dedf2d909ff21b5831fbed653803978ae4725d2"}
,"/home/runner/workspace/app/(tabs)/reminder-settings.tsx": {"path":"/home/runner/workspace/app/(tabs)/reminder-settings.tsx","statementMap":{"0":{"start":{"line":18,"column":0},"end":{"line":25,"column":1}},"1":{"start":{"line":19,"column":2},"end":{"line":19,"column":45}},"2":{"start":{"line":21,"column":2},"end":{"line":24,"column":4}},"3":{"start":{"line":22,"column":30},"end":{"line":22,"column":34}},"4":{"start":{"line":35,"column":25},"end":{"line":39,"column":1}},"5":{"start":{"line":41,"column":23},"end":{"line":44,"column":1}},"6":{"start":{"line":47,"column":17},"end":{"line":47,"column":28}},"7":{"start":{"line":48,"column":34},"end":{"line":51,"column":4}},"8":{"start":{"line":52,"column":36},"end":{"line":52,"column":50}},"9":{"start":{"line":53,"column":34},"end":{"line":53,"column":49}},"10":{"start":{"line":55,"column":2},"end":{"line":57,"column":9}},"11":{"start":{"line":56,"column":4},"end":{"line":56,"column":19}},"12":{"start":{"line":59,"column":23},"end":{"line":70,"column":3}},"13":{"start":{"line":60,"column":4},"end":{"line":69,"column":5}},"14":{"start":{"line":61,"column":28},"end":{"line":61,"column":78}},"15":{"start":{"line":62,"column":6},"end":{"line":64,"column":7}},"16":{"start":{"line":63,"column":8},"end":{"line":63,"column":47}},"17":{"start":{"line":66,"column":6},"end":{"line":66,"column":64}},"18":{"start":{"line":68,"column":6},"end":{"line":68,"column":26}},"19":{"start":{"line":72,"column":23},"end":{"line":86,"column":3}},"20":{"start":{"line":73,"column":4},"end":{"line":73,"column":22}},"21":{"start":{"line":74,"column":4},"end":{"line":85,"column":5}},"22":{"start":{"line":75,"column":6},"end":{"line":75,"column":86}},"23":{"start":{"line":78,"column":6},"end":{"line":80,"column":7}},"24":{"start":{"line":79,"column":8},"end":{"line":79,"column":82}},"25":{"start":{"line":82,"column":6},"end":{"line":82,"column":64}},"26":{"start":{"line":84,"column":6},"end":{"line":84,"column":25}},"27":{"start":{"line":88,"column":37},"end":{"line":96,"column":3}},"28":{"start":{"line":89,"column":4},"end":{"line":91,"column":5}},"29":{"start":{"line":90,"column":6},"end":{"line":90,"column":37}},"30":{"start":{"line":93,"column":24},"end":{"line":93,"column":62}},"31":{"start":{"line":94,"column":4},"end":{"line":94,"column":29}},"32":{"start":{"line":95,"column":4},"end":{"line":95,"column":36}},"33":{"start":{"line":98,"column":32},"end":{"line":106,"column":3}},"34":{"start":{"line":99,"column":4},"end":{"line":101,"column":5}},"35":{"start":{"line":100,"column":6},"end":{"line":100,"column":37}},"36":{"start":{"line":103,"column":24},"end":{"line":103,"column":55}},"37":{"start":{"line":104,"column":4},"end":{"line":104,"column":29}},"38":{"start":{"line":105,"column":4},"end":{"line":105,"column":36}},"39":{"start":{"line":108,"column":27},"end":{"line":138,"column":3}},"40":{"start":{"line":117,"column":4},"end":{"line":137,"column":11}},"41":{"start":{"line":119,"column":8},"end":{"line":135,"column":27}},"42":{"start":{"line":127,"column":25},"end":{"line":127,"column":52}},"43":{"start":{"line":140,"column":21},"end":{"line":170,"column":3}},"44":{"start":{"line":149,"column":4},"end":{"line":169,"column":11}},"45":{"start":{"line":151,"column":8},"end":{"line":167,"column":27}},"46":{"start":{"line":154,"column":25},"end":{"line":154,"column":52}},"47":{"start":{"line":172,"column":2},"end":{"line":180,"column":3}},"48":{"start":{"line":173,"column":4},"end":{"line":179,"column":6}},"49":{"start":{"line":182,"column":2},"end":{"line":274,"column":4}},"50":{"start":{"line":188,"column":25},"end":{"line":188,"column":38}},"51":{"start":{"line":219,"column":44},"end":{"line":219,"column":80}},"52":{"start":{"line":277,"column":15},"end":{"line":481,"column":2}}},"fnMap":{"0":{"name":"(anonymous_0)","decl":{"start":{"line":22,"column":18},"end":{"line":22,"column":19}},"loc":{"start":{"line":22,"column":30},"end":{"line":22,"column":34}},"line":22},"1":{"name":"(anonymous_1)","decl":{"start":{"line":23,"column":18},"end":{"line":23,"column":19}},"loc":{"start":{"line":23,"column":30},"end":{"line":23,"column":32}},"line":23},"2":{"name":"ReminderSettings","decl":{"start":{"line":46,"column":24},"end":{"line":46,"column":40}},"loc":{"start":{"line":46,"column":43},"end":{"line":275,"column":1}},"line":46},"3":{"name":"(anonymous_3)","decl":{"start":{"line":55,"column":12},"end":{"line":55,"column":13}},"loc":{"start":{"line":55,"column":18},"end":{"line":57,"column":3}},"line":55},"4":{"name":"(anonymous_4)","decl":{"start":{"line":59,"column":23},"end":{"line":59,"column":24}},"loc":{"start":{"line":59,"column":35},"end":{"line":70,"column":3}},"line":59},"5":{"name":"(anonymous_5)","decl":{"start":{"line":72,"column":23},"end":{"line":72,"column":24}},"loc":{"start":{"line":72,"column":68},"end":{"line":86,"column":3}},"line":72},"6":{"name":"(anonymous_6)","decl":{"start":{"line":88,"column":37},"end":{"line":88,"column":38}},"loc":{"start":{"line":88,"column":71},"end":{"line":96,"column":3}},"line":88},"7":{"name":"(anonymous_7)","decl":{"start":{"line":98,"column":32},"end":{"line":98,"column":33}},"loc":{"start":{"line":98,"column":58},"end":{"line":106,"column":3}},"line":98},"8":{"name":"(anonymous_8)","decl":{"start":{"line":108,"column":27},"end":{"line":108,"column":28}},"loc":{"start":{"line":117,"column":4},"end":{"line":137,"column":11}},"line":117},"9":{"name":"(anonymous_9)","decl":{"start":{"line":118,"column":19},"end":{"line":118,"column":20}},"loc":{"start":{"line":119,"column":8},"end":{"line":135,"column":27}},"line":119},"10":{"name":"(anonymous_10)","decl":{"start":{"line":127,"column":19},"end":{"line":127,"column":20}},"loc":{"start":{"line":127,"column":25},"end":{"line":127,"column":52}},"line":127},"11":{"name":"(anonymous_11)","decl":{"start":{"line":140,"column":21},"end":{"line":140,"column":22}},"loc":{"start":{"line":149,"column":4},"end":{"line":169,"column":11}},"line":149},"12":{"name":"(anonymous_12)","decl":{"start":{"line":150,"column":19},"end":{"line":150,"column":20}},"loc":{"start":{"line":151,"column":8},"end":{"line":167,"column":27}},"line":151},"13":{"name":"(anonymous_13)","decl":{"start":{"line":154,"column":19},"end":{"line":154,"column":20}},"loc":{"start":{"line":154,"column":25},"end":{"line":154,"column":52}},"line":154},"14":{"name":"(anonymous_14)","decl":{"start":{"line":188,"column":19},"end":{"line":188,"column":20}},"loc":{"start":{"line":188,"column":25},"end":{"line":188,"column":38}},"line":188},"15":{"name":"(anonymous_15)","decl":{"start":{"line":219,"column":37},"end":{"line":219,"column":38}},"loc":{"start":{"line":219,"column":44},"end":{"line":219,"column":80}},"line":219}},"branchMap":{"0":{"loc":{"start":{"line":18,"column":0},"end":{"line":25,"column":1}},"type":"if","locations":[{"start":{"line":18,"column":0},"end":{"line":25,"column":1}},{"start":{"line":20,"column":7},"end":{"line":25,"column":1}}],"line":18},"1":{"loc":{"start":{"line":62,"column":6},"end":{"line":64,"column":7}},"type":"if","locations":[{"start":{"line":62,"column":6},"end":{"line":64,"column":7}},{"start":{},"end":{}}],"line":62},"2":{"loc":{"start":{"line":78,"column":6},"end":{"line":80,"column":7}},"type":"if","locations":[{"start":{"line":78,"column":6},"end":{"line":80,"column":7}},{"start":{},"end":{}}],"line":78},"3":{"loc":{"start":{"line":89,"column":4},"end":{"line":91,"column":5}},"type":"if","locations":[{"start":{"line":89,"column":4},"end":{"line":91,"column":5}},{"start":{},"end":{}}],"line":89},"4":{"loc":{"start":{"line":99,"column":4},"end":{"line":101,"column":5}},"type":"if","locations":[{"start":{"line":99,"column":4},"end":{"line":101,"column":5}},{"start":{},"end":{}}],"line":99},"5":{"loc":{"start":{"line":123,"column":12},"end":{"line":123,"column":54}},"type":"binary-expr","locations":[{"start":{"line":123,"column":12},"end":{"line":123,"column":23}},{"start":{"line":123,"column":27},"end":{"line":123,"column":54}}],"line":123},"6":{"loc":{"start":{"line":124,"column":12},"end":{"line":124,"column":70}},"type":"binary-expr","locations":[{"start":{"line":124,"column":12},"end":{"line":124,"column":40}},{"start":{"line":124,"column":44},"end":{"line":124,"column":70}}],"line":124},"7":{"loc":{"start":{"line":125,"column":12},"end":{"line":125,"column":74}},"type":"binary-expr","locations":[{"start":{"line":125,"column":12},"end":{"line":125,"column":42}},{"start":{"line":125,"column":46},"end":{"line":125,"column":74}}],"line":125},"8":{"loc":{"start":{"line":131,"column":12},"end":{"line":131,"column":78}},"type":"binary-expr","locations":[{"start":{"line":131,"column":12},"end":{"line":131,"column":42}},{"start":{"line":131,"column":46},"end":{"line":131,"column":78}}],"line":131},"9":{"loc":{"start":{"line":158,"column":15},"end":{"line":160,"column":15}},"type":"binary-expr","locations":[{"start":{"line":158,"column":15},"end":{"line":158,"column":45}},{"start":{"line":159,"column":16},"end":{"line":159,"column":53}}],"line":158},"10":{"loc":{"start":{"line":172,"column":2},"end":{"line":180,"column":3}},"type":"if","locations":[{"start":{"line":172,"column":2},"end":{"line":180,"column":3}},{"start":{},"end":{}}],"line":172},"11":{"loc":{"start":{"line":267,"column":9},"end":{"line":271,"column":9}},"type":"binary-expr","locations":[{"start":{"line":267,"column":9},"end":{"line":267,"column":17}},{"start":{"line":268,"column":10},"end":{"line":270,"column":17}}],"line":267}},"s":{"0":1,"1":1,"2":0,"3":0,"4":1,"5":1,"6":16,"7":16,"8":16,"9":16,"10":16,"11":7,"12":16,"13":7,"14":7,"15":7,"16":1,"17":0,"18":7,"19":16,"20":2,"21":2,"22":2,"23":2,"24":2,"25":0,"26":2,"27":16,"28":1,"29":1,"30":1,"31":1,"32":1,"33":16,"34":1,"35":1,"36":1,"37":1,"38":1,"39":16,"40":9,"41":27,"42":1,"43":16,"44":9,"45":18,"46":1,"47":16,"48":7,"49":9,"50":1,"51":18,"52":1},"f":{"0":0,"1":0,"2":16,"3":7,"4":7,"5":2,"6":1,"7":1,"8":9,"9":27,"10":1,"11":9,"12":18,"13":1,"14":1,"15":18},"b":{"0":[1,0],"1":[1,6],"2":[2,0],"3":[1,0],"4":[1,0],"5":[27,9],"6":[27,9],"7":[27,9],"8":[27,9],"9":[18,9],"10":[7,9],"11":[9,0]},"_coverageSchema":"1a1c01bbd47fc00a2c39e90264f33305004495a9","hash":"a158724a9af834ca3af47eea4e69db146df1f9d5"}
,"/home/runner/workspace/components/BudgetAlertRow.tsx": {"path":"/home/runner/workspace/components/BudgetAlertRow.tsx","statementMap":{"0":{"start":{"line":26,"column":61},"end":{"line":251,"column":1}},"1":{"start":{"line":33,"column":42},"end":{"line":33,"column":57}},"2":{"start":{"line":34,"column":38},"end":{"line":34,"column":77}},"3":{"start":{"line":35,"column":38},"end":{"line":35,"column":67}},"4":{"start":{"line":36,"column":36},"end":{"line":36,"column":51}},"5":{"start":{"line":37,"column":19},"end":{"line":37,"column":42}},"6":{"start":{"line":39,"column":28},"end":{"line":47,"column":3}},"7":{"start":{"line":40,"column":44},"end":{"line":45,"column":5}},"8":{"start":{"line":46,"column":4},"end":{"line":46,"column":40}},"9":{"start":{"line":49,"column":24},"end":{"line":63,"column":3}},"10":{"start":{"line":50,"column":4},"end":{"line":53,"column":5}},"11":{"start":{"line":51,"column":6},"end":{"line":51,"column":72}},"12":{"start":{"line":52,"column":6},"end":{"line":52,"column":19}},"13":{"start":{"line":55,"column":21},"end":{"line":55,"column":38}},"14":{"start":{"line":56,"column":4},"end":{"line":59,"column":5}},"15":{"start":{"line":57,"column":6},"end":{"line":57,"column":60}},"16":{"start":{"line":58,"column":6},"end":{"line":58,"column":19}},"17":{"start":{"line":61,"column":4},"end":{"line":61,"column":24}},"18":{"start":{"line":62,"column":4},"end":{"line":62,"column":16}},"19":{"start":{"line":65,"column":23},"end":{"line":80,"column":3}},"20":{"start":{"line":67,"column":4},"end":{"line":69,"column":5}},"21":{"start":{"line":68,"column":6},"end":{"line":68,"column":37}},"22":{"start":{"line":71,"column":4},"end":{"line":77,"column":5}},"23":{"start":{"line":73,"column":6},"end":{"line":73,"column":24}},"24":{"start":{"line":74,"column":6},"end":{"line":74,"column":26}},"25":{"start":{"line":75,"column":6},"end":{"line":75,"column":28}},"26":{"start":{"line":76,"column":6},"end":{"line":76,"column":13}},"27":{"start":{"line":79,"column":4},"end":{"line":79,"column":23}},"28":{"start":{"line":82,"column":29},"end":{"line":107,"column":3}},"29":{"start":{"line":83,"column":4},"end":{"line":85,"column":5}},"30":{"start":{"line":84,"column":6},"end":{"line":84,"column":13}},"31":{"start":{"line":87,"column":4},"end":{"line":87,"column":23}},"32":{"start":{"line":88,"column":4},"end":{"line":106,"column":5}},"33":{"start":{"line":89,"column":23},"end":{"line":89,"column":45}},"34":{"start":{"line":92,"column":6},"end":{"line":92,"column":73}},"35":{"start":{"line":94,"column":6},"end":{"line":94,"column":31}},"36":{"start":{"line":95,"column":6},"end":{"line":95,"column":21}},"37":{"start":{"line":96,"column":6},"end":{"line":96,"column":29}},"38":{"start":{"line":99,"column":6},"end":{"line":101,"column":7}},"39":{"start":{"line":100,"column":8},"end":{"line":100,"column":82}},"40":{"start":{"line":103,"column":6},"end":{"line":103,"column":77}},"41":{"start":{"line":105,"column":6},"end":{"line":105,"column":26}},"42":{"start":{"line":109,"column":28},"end":{"line":112,"column":3}},"43":{"start":{"line":110,"column":4},"end":{"line":110,"column":27}},"44":{"start":{"line":111,"column":4},"end":{"line":111,"column":24}},"45":{"start":{"line":114,"column":28},"end":{"line":138,"column":3}},"46":{"start":{"line":116,"column":25},"end":{"line":116,"column":54}},"47":{"start":{"line":118,"column":25},"end":{"line":118,"column":48}},"48":{"start":{"line":119,"column":4},"end":{"line":121,"column":5}},"49":{"start":{"line":120,"column":6},"end":{"line":120,"column":13}},"50":{"start":{"line":123,"column":26},"end":{"line":123,"column":65}},"51":{"start":{"line":124,"column":4},"end":{"line":126,"column":5}},"52":{"start":{"line":125,"column":6},"end":{"line":125,"column":13}},"53":{"start":{"line":128,"column":4},"end":{"line":130,"column":5}},"54":{"start":{"line":129,"column":6},"end":{"line":129,"column":13}},"55":{"start":{"line":132,"column":4},"end":{"line":132,"column":32}},"56":{"start":{"line":135,"column":4},"end":{"line":137,"column":5}},"57":{"start":{"line":136,"column":6},"end":{"line":136,"column":26}},"58":{"start":{"line":140,"column":2},"end":{"line":250,"column":4}},"59":{"start":{"line":171,"column":12},"end":{"line":171,"column":50}},"60":{"start":{"line":172,"column":12},"end":{"line":172,"column":32}},"61":{"start":{"line":173,"column":12},"end":{"line":173,"column":34}},"62":{"start":{"line":188,"column":10},"end":{"line":190,"column":18}},"63":{"start":{"line":189,"column":12},"end":{"line":189,"column":38}},"64":{"start":{"line":253,"column":15},"end":{"line":396,"column":2}}},"fnMap":{"0":{"name":"(anonymous_0)","decl":{"start":{"line":26,"column":61},"end":{"line":26,"column":62}},"loc":{"start":{"line":32,"column":6},"end":{"line":251,"column":1}},"line":32},"1":{"name":"(anonymous_1)","decl":{"start":{"line":39,"column":28},"end":{"line":39,"column":29}},"loc":{"start":{"line":39,"column":62},"end":{"line":47,"column":3}},"line":39},"2":{"name":"(anonymous_2)","decl":{"start":{"line":49,"column":24},"end":{"line":49,"column":25}},"loc":{"start":{"line":49,"column":52},"end":{"line":63,"column":3}},"line":49},"3":{"name":"(anonymous_3)","decl":{"start":{"line":65,"column":23},"end":{"line":65,"column":24}},"loc":{"start":{"line":65,"column":52},"end":{"line":80,"column":3}},"line":65},"4":{"name":"(anonymous_4)","decl":{"start":{"line":82,"column":29},"end":{"line":82,"column":30}},"loc":{"start":{"line":82,"column":41},"end":{"line":107,"column":3}},"line":82},"5":{"name":"(anonymous_5)","decl":{"start":{"line":109,"column":28},"end":{"line":109,"column":29}},"loc":{"start":{"line":109,"column":34},"end":{"line":112,"column":3}},"line":109},"6":{"name":"(anonymous_6)","decl":{"start":{"line":114,"column":28},"end":{"line":114,"column":29}},"loc":{"start":{"line":114,"column":46},"end":{"line":138,"column":3}},"line":114},"7":{"name":"(anonymous_7)","decl":{"start":{"line":170,"column":19},"end":{"line":170,"column":20}},"loc":{"start":{"line":170,"column":25},"end":{"line":174,"column":11}},"line":170},"8":{"name":"(anonymous_8)","decl":{"start":{"line":186,"column":16},"end":{"line":186,"column":17}},"loc":{"start":{"line":186,"column":22},"end":{"line":191,"column":9}},"line":186},"9":{"name":"(anonymous_9)","decl":{"start":{"line":188,"column":21},"end":{"line":188,"column":22}},"loc":{"start":{"line":188,"column":27},"end":{"line":190,"column":11}},"line":188}},"branchMap":{"0":{"loc":{"start":{"line":31,"column":2},"end":{"line":31,"column":18}},"type":"default-arg","locations":[{"start":{"line":31,"column":13},"end":{"line":31,"column":18}}],"line":31},"1":{"loc":{"start":{"line":34,"column":47},"end":{"line":34,"column":76}},"type":"binary-expr","locations":[{"start":{"line":34,"column":47},"end":{"line":34,"column":70}},{"start":{"line":34,"column":74},"end":{"line":34,"column":76}}],"line":34},"2":{"loc":{"start":{"line":46,"column":11},"end":{"line":46,"column":39}},"type":"binary-expr","locations":[{"start":{"line":46,"column":11},"end":{"line":46,"column":32}},{"start":{"line":46,"column":36},"end":{"line":46,"column":39}}],"line":46},"3":{"loc":{"start":{"line":50,"column":4},"end":{"line":53,"column":5}},"type":"if","locations":[{"start":{"line":50,"column":4},"end":{"line":53,"column":5}},{"start":{},"end":{}}],"line":50},"4":{"loc":{"start":{"line":56,"column":4},"end":{"line":59,"column":5}},"type":"if","locations":[{"start":{"line":56,"column":4},"end":{"line":59,"column":5}},{"start":{},"end":{}}],"line":56},"5":{"loc":{"start":{"line":56,"column":8},"end":{"line":56,"column":39}},"type":"binary-expr","locations":[{"start":{"line":56,"column":8},"end":{"line":56,"column":23}},{"start":{"line":56,"column":27},"end":{"line":56,"column":39}}],"line":56},"6":{"loc":{"start":{"line":67,"column":4},"end":{"line":69,"column":5}},"type":"if","locations":[{"start":{"line":67,"column":4},"end":{"line":69,"column":5}},{"start":{},"end":{}}],"line":67},"7":{"loc":{"start":{"line":71,"column":4},"end":{"line":77,"column":5}},"type":"if","locations":[{"start":{"line":71,"column":4},"end":{"line":77,"column":5}},{"start":{},"end":{}}],"line":71},"8":{"loc":{"start":{"line":71,"column":8},"end":{"line":71,"column":32}},"type":"binary-expr","locations":[{"start":{"line":71,"column":8},"end":{"line":71,"column":16}},{"start":{"line":71,"column":20},"end":{"line":71,"column":32}}],"line":71},"9":{"loc":{"start":{"line":83,"column":4},"end":{"line":85,"column":5}},"type":"if","locations":[{"start":{"line":83,"column":4},"end":{"line":85,"column":5}},{"start":{},"end":{}}],"line":83},"10":{"loc":{"start":{"line":99,"column":6},"end":{"line":101,"column":7}},"type":"if","locations":[{"start":{"line":99,"column":6},"end":{"line":101,"column":7}},{"start":{},"end":{}}],"line":99},"11":{"loc":{"start":{"line":119,"column":4},"end":{"line":121,"column":5}},"type":"if","locations":[{"start":{"line":119,"column":4},"end":{"line":121,"column":5}},{"start":{},"end":{}}],"line":119},"12":{"loc":{"start":{"line":123,"column":27},"end":{"line":123,"column":57}},"type":"binary-expr","locations":[{"start":{"line":123,"column":27},"end":{"line":123,"column":51}},{"start":{"line":123,"column":55},"end":{"line":123,"column":57}}],"line":123},"13":{"loc":{"start":{"line":124,"column":4},"end":{"line":126,"column":5}},"type":"if","locations":[{"start":{"line":124,"column":4},"end":{"line":126,"column":5}},{"start":{},"end":{}}],"line":124},"14":{"loc":{"start":{"line":128,"column":4},"end":{"line":130,"column":5}},"type":"if","locations":[{"start":{"line":128,"column":4},"end":{"line":130,"column":5}},{"start":{},"end":{}}],"line":128},"15":{"loc":{"start":{"line":128,"column":8},"end":{"line":128,"column":67}},"type":"binary-expr","locations":[{"start":{"line":128,"column":8},"end":{"line":128,"column":34}},{"start":{"line":128,"column":38},"end":{"line":128,"column":67}}],"line":128},"16":{"loc":{"start":{"line":135,"column":4},"end":{"line":137,"column":5}},"type":"if","locations":[{"start":{"line":135,"column":4},"end":{"line":137,"column":5}},{"start":{},"end":{}}],"line":135},"17":{"loc":{"start":{"line":150,"column":15},"end":{"line":152,"column":53}},"type":"cond-expr","locations":[{"start":{"line":151,"column":18},"end":{"line":151,"column":102}},{"start":{"line":152,"column":18},"end":{"line":152,"column":53}}],"line":150},"18":{"loc":{"start":{"line":167,"column":7},"end":{"line":180,"column":7}},"type":"binary-expr","locations":[{"start":{"line":167,"column":7},"end":{"line":167,"column":18}},{"start":{"line":167,"column":22},"end":{"line":167,"column":29}},{"start":{"line":168,"column":8},"end":{"line":179,"column":27}}],"line":167},"19":{"loc":{"start":{"line":203,"column":41},"end":{"line":203,"column":79}},"type":"binary-expr","locations":[{"start":{"line":203,"column":41},"end":{"line":203,"column":50}},{"start":{"line":203,"column":54},"end":{"line":203,"column":79}}],"line":203},"20":{"loc":{"start":{"line":207,"column":51},"end":{"line":207,"column":93}},"type":"binary-expr","locations":[{"start":{"line":207,"column":51},"end":{"line":207,"column":60}},{"start":{"line":207,"column":64},"end":{"line":207,"column":93}}],"line":207},"21":{"loc":{"start":{"line":208,"column":17},"end":{"line":208,"column":49}},"type":"cond-expr","locations":[{"start":{"line":208,"column":29},"end":{"line":208,"column":40}},{"start":{"line":208,"column":43},"end":{"line":208,"column":49}}],"line":208},"22":{"loc":{"start":{"line":221,"column":49},"end":{"line":221,"column":87}},"type":"binary-expr","locations":[{"start":{"line":221,"column":49},"end":{"line":221,"column":59}},{"start":{"line":221,"column":63},"end":{"line":221,"column":87}}],"line":221},"23":{"loc":{"start":{"line":235,"column":15},"end":{"line":237,"column":15}},"type":"binary-expr","locations":[{"start":{"line":235,"column":15},"end":{"line":235,"column":25}},{"start":{"line":236,"column":16},"end":{"line":236,"column":66}}],"line":235}},"s":{"0":1,"1":17,"2":17,"3":17,"4":17,"5":17,"6":17,"7":18,"8":18,"9":17,"10":3,"11":1,"12":1,"13":2,"14":2,"15":1,"16":1,"17":1,"18":1,"19":17,"20":4,"21":4,"22":4,"23":4,"24":4,"25":4,"26":4,"27":0,"28":17,"29":3,"30":2,"31":1,"32":1,"33":1,"34":1,"35":1,"36":1,"37":1,"38":1,"39":1,"40":0,"41":1,"42":17,"43":0,"44":0,"45":17,"46":3,"47":3,"48":3,"49":0,"50":3,"51":3,"52":0,"53":3,"54":0,"55":3,"56":3,"57":1,"58":17,"59":0,"60":0,"61":0,"62":0,"63":0,"64":1},"f":{"0":17,"1":18,"2":3,"3":4,"4":3,"5":0,"6":3,"7":0,"8":0,"9":0},"b":{"0":[0],"1":[17,16],"2":[18,0],"3":[1,2],"4":[1,1],"5":[2,2],"6":[4,0],"7":[4,0],"8":[4,4],"9":[2,1],"10":[1,0],"11":[0,3],"12":[3,2],"13":[0,3],"14":[0,3],"15":[3,1],"16":[1,2],"17":[1,16],"18":[17,1,1],"19":[17,1],"20":[17,1],"21":[1,16],"22":[17,2],"23":[17,2]},"_coverageSchema":"1a1c01bbd47fc00a2c39e90264f33305004495a9","hash":"1d40d5dc97a761d1a19e488d439a8d716f8a99ab"}
,"/home/runner/workspace/components/ThemeSelector.tsx": {"path":"/home/runner/workspace/components/ThemeSelector.tsx","statementMap":{"0":{"start":{"line":19,"column":6},"end":{"line":38,"column":1}},"1":{"start":{"line":40,"column":59},"end":{"line":146,"column":1}},"2":{"start":{"line":44,"column":46},"end":{"line":44,"column":56}},"3":{"start":{"line":47,"column":2},"end":{"line":49,"column":3}},"4":{"start":{"line":48,"column":4},"end":{"line":48,"column":16}},"5":{"start":{"line":51,"column":17},"end":{"line":51,"column":46}},"6":{"start":{"line":53,"column":28},"end":{"line":55,"column":3}},"7":{"start":{"line":54,"column":4},"end":{"line":54,"column":23}},"8":{"start":{"line":57,"column":2},"end":{"line":92,"column":3}},"9":{"start":{"line":58,"column":4},"end":{"line":91,"column":6}},"10":{"start":{"line":61,"column":10},"end":{"line":88,"column":29}},"11":{"start":{"line":67,"column":27},"end":{"line":67,"column":57}},"12":{"start":{"line":94,"column":2},"end":{"line":145,"column":4}},"13":{"start":{"line":106,"column":10},"end":{"line":141,"column":29}},"14":{"start":{"line":112,"column":27},"end":{"line":112,"column":57}},"15":{"start":{"line":148,"column":21},"end":{"line":261,"column":2}},"16":{"start":{"line":148,"column":56},"end":{"line":261,"column":2}}},"fnMap":{"0":{"name":"(anonymous_0)","decl":{"start":{"line":40,"column":59},"end":{"line":40,"column":60}},"loc":{"start":{"line":43,"column":6},"end":{"line":146,"column":1}},"line":43},"1":{"name":"(anonymous_1)","decl":{"start":{"line":53,"column":28},"end":{"line":53,"column":29}},"loc":{"start":{"line":53,"column":49},"end":{"line":55,"column":3}},"line":53},"2":{"name":"(anonymous_2)","decl":{"start":{"line":60,"column":26},"end":{"line":60,"column":27}},"loc":{"start":{"line":61,"column":10},"end":{"line":88,"column":29}},"line":61},"3":{"name":"(anonymous_3)","decl":{"start":{"line":67,"column":21},"end":{"line":67,"column":22}},"loc":{"start":{"line":67,"column":27},"end":{"line":67,"column":57}},"line":67},"4":{"name":"(anonymous_4)","decl":{"start":{"line":105,"column":26},"end":{"line":105,"column":27}},"loc":{"start":{"line":106,"column":10},"end":{"line":141,"column":29}},"line":106},"5":{"name":"(anonymous_5)","decl":{"start":{"line":112,"column":21},"end":{"line":112,"column":22}},"loc":{"start":{"line":112,"column":27},"end":{"line":112,"column":57}},"line":112},"6":{"name":"(anonymous_6)","decl":{"start":{"line":148,"column":21},"end":{"line":148,"column":22}},"loc":{"start":{"line":148,"column":56},"end":{"line":261,"column":2}},"line":148}},"branchMap":{"0":{"loc":{"start":{"line":41,"column":2},"end":{"line":41,"column":19}},"type":"default-arg","locations":[{"start":{"line":41,"column":15},"end":{"line":41,"column":19}}],"line":41},"1":{"loc":{"start":{"line":42,"column":2},"end":{"line":42,"column":17}},"type":"default-arg","locations":[{"start":{"line":42,"column":12},"end":{"line":42,"column":17}}],"line":42},"2":{"loc":{"start":{"line":47,"column":2},"end":{"line":49,"column":3}},"type":"if","locations":[{"start":{"line":47,"column":2},"end":{"line":49,"column":3}},{"start":{},"end":{}}],"line":47},"3":{"loc":{"start":{"line":57,"column":2},"end":{"line":92,"column":3}},"type":"if","locations":[{"start":{"line":57,"column":2},"end":{"line":92,"column":3}},{"start":{},"end":{}}],"line":57},"4":{"loc":{"start":{"line":65,"column":14},"end":{"line":65,"column":69}},"type":"binary-expr","locations":[{"start":{"line":65,"column":14},"end":{"line":65,"column":39}},{"start":{"line":65,"column":43},"end":{"line":65,"column":69}}],"line":65},"5":{"loc":{"start":{"line":74,"column":14},"end":{"line":74,"column":67}},"type":"binary-expr","locations":[{"start":{"line":74,"column":14},"end":{"line":74,"column":39}},{"start":{"line":74,"column":43},"end":{"line":74,"column":67}}],"line":74},"6":{"loc":{"start":{"line":77,"column":23},"end":{"line":77,"column":84}},"type":"cond-expr","locations":[{"start":{"line":77,"column":51},"end":{"line":77,"column":65}},{"start":{"line":77,"column":68},"end":{"line":77,"column":84}}],"line":77},"7":{"loc":{"start":{"line":80,"column":13},"end":{"line":87,"column":13}},"type":"binary-expr","locations":[{"start":{"line":80,"column":13},"end":{"line":80,"column":23}},{"start":{"line":81,"column":14},"end":{"line":86,"column":21}}],"line":80},"8":{"loc":{"start":{"line":83,"column":16},"end":{"line":83,"column":70}},"type":"binary-expr","locations":[{"start":{"line":83,"column":16},"end":{"line":83,"column":41}},{"start":{"line":83,"column":45},"end":{"line":83,"column":70}}],"line":83},"9":{"loc":{"start":{"line":96,"column":7},"end":{"line":103,"column":7}},"type":"binary-expr","locations":[{"start":{"line":96,"column":7},"end":{"line":96,"column":17}},{"start":{"line":97,"column":8},"end":{"line":102,"column":11}}],"line":96},"10":{"loc":{"start":{"line":110,"column":14},"end":{"line":110,"column":62}},"type":"binary-expr","locations":[{"start":{"line":110,"column":14},"end":{"line":110,"column":39}},{"start":{"line":110,"column":43},"end":{"line":110,"column":62}}],"line":110},"11":{"loc":{"start":{"line":120,"column":16},"end":{"line":120,"column":71}},"type":"binary-expr","locations":[{"start":{"line":120,"column":16},"end":{"line":120,"column":41}},{"start":{"line":120,"column":45},"end":{"line":120,"column":71}}],"line":120},"12":{"loc":{"start":{"line":123,"column":25},"end":{"line":123,"column":86}},"type":"cond-expr","locations":[{"start":{"line":123,"column":53},"end":{"line":123,"column":67}},{"start":{"line":123,"column":70},"end":{"line":123,"column":86}}],"line":123},"13":{"loc":{"start":{"line":129,"column":18},"end":{"line":129,"column":71}},"type":"binary-expr","locations":[{"start":{"line":129,"column":18},"end":{"line":129,"column":43}},{"start":{"line":129,"column":47},"end":{"line":129,"column":71}}],"line":129},"14":{"loc":{"start":{"line":137,"column":15},"end":{"line":139,"column":15}},"type":"binary-expr","locations":[{"start":{"line":137,"column":15},"end":{"line":137,"column":40}},{"start":{"line":138,"column":16},"end":{"line":138,"column":57}}],"line":137}},"s":{"0":1,"1":1,"2":13,"3":13,"4":0,"5":13,"6":13,"7":1,"8":13,"9":4,"10":12,"11":0,"12":9,"13":27,"14":1,"15":1,"16":13},"f":{"0":13,"1":1,"2":12,"3":0,"4":27,"5":1,"6":13},"b":{"0":[11],"1":[9],"2":[0,13],"3":[4,9],"4":[12,4],"5":[12,4],"6":[4,8],"7":[12,6],"8":[6,2],"9":[9,9],"10":[27,9],"11":[27,9],"12":[9,18],"13":[27,9],"14":[27,9]},"_coverageSchema":"1a1c01bbd47fc00a2c39e90264f33305004495a9","hash":"07755acc4089892532cea19861dbb1ecb115b5ae"}
,"/home/runner/workspace/config/featureFlags.ts": {"path":"/home/runner/workspace/config/featureFlags.ts","statementMap":{"0":{"start":{"line":2,"column":29},"end":{"line":26,"column":1}},"1":{"start":{"line":29,"column":0},"end":{"line":35,"column":1}},"2":{"start":{"line":30,"column":2},"end":{"line":30,"column":33}},"3":{"start":{"line":31,"column":2},"end":{"line":31,"column":39}},"4":{"start":{"line":32,"column":2},"end":{"line":32,"column":40}},"5":{"start":{"line":33,"column":2},"end":{"line":33,"column":37}},"6":{"start":{"line":34,"column":2},"end":{"line":34,"column":40}}},"fnMap":{},"branchMap":{"0":{"loc":{"start":{"line":29,"column":0},"end":{"line":35,"column":1}},"type":"if","locations":[{"start":{"line":29,"column":0},"end":{"line":35,"column":1}},{"start":{},"end":{}}],"line":29}},"s":{"0":1,"1":1,"2":1,"3":1,"4":1,"5":1,"6":1},"f":{},"b":{"0":[1,0]},"_coverageSchema":"1a1c01bbd47fc00a2c39e90264f33305004495a9","hash":"000bb2df1716badd61514c4b2958ae0f30432d40"}
,"/home/runner/workspace/constants/Typography.ts": {"path":"/home/runner/workspace/constants/Typography.ts","statementMap":{"0":{"start":{"line":5,"column":26},"end":{"line":14,"column":10}},"1":{"start":{"line":16,"column":28},"end":{"line":21,"column":10}},"2":{"start":{"line":23,"column":28},"end":{"line":27,"column":10}},"3":{"start":{"line":30,"column":26},"end":{"line":134,"column":10}},"4":{"start":{"line":137,"column":29},"end":{"line":163,"column":1}},"5":{"start":{"line":139,"column":2},"end":{"line":150,"column":3}},"6":{"start":{"line":140,"column":4},"end":{"line":149,"column":6}},"7":{"start":{"line":153,"column":2},"end":{"line":162,"column":4}},"8":{"start":{"line":166,"column":27},"end":{"line":175,"column":10}},"9":{"start":{"line":178,"column":29},"end":{"line":194,"column":1}},"10":{"start":{"line":179,"column":2},"end":{"line":181,"column":3}},"11":{"start":{"line":180,"column":4},"end":{"line":180,"column":27}},"12":{"start":{"line":183,"column":22},"end":{"line":183,"column":38}},"13":{"start":{"line":184,"column":2},"end":{"line":193,"column":4}},"14":{"start":{"line":197,"column":35},"end":{"line":222,"column":1}},"15":{"start":{"line":198,"column":2},"end":{"line":209,"column":3}},"16":{"start":{"line":199,"column":4},"end":{"line":208,"column":6}},"17":{"start":{"line":211,"column":22},"end":{"line":211,"column":38}},"18":{"start":{"line":212,"column":2},"end":{"line":221,"column":4}},"19":{"start":{"line":225,"column":23},"end":{"line":233,"column":10}}},"fnMap":{"0":{"name":"(anonymous_0)","decl":{"start":{"line":137,"column":29},"end":{"line":137,"column":30}},"loc":{"start":{"line":137,"column":35},"end":{"line":163,"column":1}},"line":137},"1":{"name":"(anonymous_1)","decl":{"start":{"line":178,"column":29},"end":{"line":178,"column":30}},"loc":{"start":{"line":178,"column":35},"end":{"line":194,"column":1}},"line":178},"2":{"name":"(anonymous_2)","decl":{"start":{"line":197,"column":35},"end":{"line":197,"column":36}},"loc":{"start":{"line":197,"column":41},"end":{"line":222,"column":1}},"line":197}},"branchMap":{"0":{"loc":{"start":{"line":139,"column":2},"end":{"line":150,"column":3}},"type":"if","locations":[{"start":{"line":139,"column":2},"end":{"line":150,"column":3}},{"start":{},"end":{}}],"line":139},"1":{"loc":{"start":{"line":179,"column":2},"end":{"line":181,"column":3}},"type":"if","locations":[{"start":{"line":179,"column":2},"end":{"line":181,"column":3}},{"start":{},"end":{}}],"line":179},"2":{"loc":{"start":{"line":198,"column":2},"end":{"line":209,"column":3}},"type":"if","locations":[{"start":{"line":198,"column":2},"end":{"line":209,"column":3}},{"start":{},"end":{}}],"line":198}},"s":{"0":3,"1":3,"2":3,"3":3,"4":3,"5":0,"6":0,"7":0,"8":3,"9":3,"10":0,"11":0,"12":0,"13":0,"14":3,"15":0,"16":0,"17":0,"18":0,"19":3},"f":{"0":0,"1":0,"2":0},"b":{"0":[0,0],"1":[0,0],"2":[0,0]},"_coverageSchema":"1a1c01bbd47fc00a2c39e90264f33305004495a9","hash":"363d780b4e8aae770a986f1cae218d299d938deb"}
,"/home/runner/workspace/constants/auth.ts": {"path":"/home/runner/workspace/constants/auth.ts","statementMap":{"0":{"start":{"line":1,"column":35},"end":{"line":1,"column":36}},"1":{"start":{"line":2,"column":41},"end":{"line":2,"column":77}},"2":{"start":{"line":4,"column":2},"end":{"line":4,"column":102}}},"fnMap":{},"branchMap":{},"s":{"0":1,"1":1,"2":1},"f":{},"b":{},"_coverageSchema":"1a1c01bbd47fc00a2c39e90264f33305004495a9","hash":"348cc06e8ba0fb9ce246ae6a23d46142b19a233c"}
,"/home/runner/workspace/constants/theme.ts": {"path":"/home/runner/workspace/constants/theme.ts","statementMap":{"0":{"start":{"line":34,"column":39},"end":{"line":63,"column":1}},"1":{"start":{"line":65,"column":38},"end":{"line":94,"column":1}},"2":{"start":{"line":96,"column":22},"end":{"line":99,"column":10}},"3":{"start":{"line":104,"column":28},"end":{"line":124,"column":10}}},"fnMap":{},"branchMap":{},"s":{"0":3,"1":3,"2":3,"3":3},"f":{},"b":{},"_coverageSchema":"1a1c01bbd47fc00a2c39e90264f33305004495a9","hash":"32260f2b52ef3833c58b4a61309fd9518eda89a5"}
,"/home/runner/workspace/contexts/AuthContext.tsx": {"path":"/home/runner/workspace/contexts/AuthContext.tsx","statementMap":{"0":{"start":{"line":40,"column":20},"end":{"line":40,"column":74}},"1":{"start":{"line":43,"column":2},"end":{"line":44,"column":39}},"2":{"start":{"line":46,"column":2},"end":{"line":53,"column":29}},"3":{"start":{"line":55,"column":18},"end":{"line":58,"column":4}},"4":{"start":{"line":56,"column":2},"end":{"line":58,"column":4}},"5":{"start":{"line":57,"column":4},"end":{"line":57,"column":34}},"6":{"start":{"line":60,"column":23},"end":{"line":81,"column":1}},"7":{"start":{"line":61,"column":14},"end":{"line":61,"column":38}},"8":{"start":{"line":62,"column":2},"end":{"line":80,"column":23}},"9":{"start":{"line":83,"column":26},"end":{"line":94,"column":1}},"10":{"start":{"line":84,"column":20},"end":{"line":84,"column":59}},"11":{"start":{"line":85,"column":2},"end":{"line":93,"column":26}},"12":{"start":{"line":96,"column":23},"end":{"line":102,"column":1}},"13":{"start":{"line":97,"column":18},"end":{"line":97,"column":41}},"14":{"start":{"line":98,"column":2},"end":{"line":100,"column":3}},"15":{"start":{"line":99,"column":4},"end":{"line":99,"column":67}},"16":{"start":{"line":101,"column":2},"end":{"line":101,"column":17}},"17":{"start":{"line":104,"column":28},"end":{"line":395,"column":1}},"18":{"start":{"line":105,"column":32},"end":{"line":105,"column":62}},"19":{"start":{"line":106,"column":26},"end":{"line":106,"column":53}},"20":{"start":{"line":107,"column":46},"end":{"line":107,"column":60}},"21":{"start":{"line":108,"column":40},"end":{"line":108,"column":55}},"22":{"start":{"line":112,"column":28},"end":{"line":112,"column":65}},"23":{"start":{"line":114,"column":2},"end":{"line":176,"column":9}},"24":{"start":{"line":115,"column":20},"end":{"line":115,"column":24}},"25":{"start":{"line":117,"column":4},"end":{"line":122,"column":5}},"26":{"start":{"line":118,"column":6},"end":{"line":118,"column":31}},"27":{"start":{"line":119,"column":6},"end":{"line":121,"column":8}},"28":{"start":{"line":120,"column":8},"end":{"line":120,"column":26}},"29":{"start":{"line":124,"column":30},"end":{"line":156,"column":5}},"30":{"start":{"line":125,"column":6},"end":{"line":155,"column":7}},"31":{"start":{"line":127,"column":8},"end":{"line":135,"column":9}},"32":{"start":{"line":128,"column":10},"end":{"line":130,"column":12}},"33":{"start":{"line":131,"column":10},"end":{"line":133,"column":11}},"34":{"start":{"line":132,"column":12},"end":{"line":132,"column":37}},"35":{"start":{"line":134,"column":10},"end":{"line":134,"column":17}},"36":{"start":{"line":137,"column":32},"end":{"line":137,"column":64}},"37":{"start":{"line":138,"column":8},"end":{"line":141,"column":9}},"38":{"start":{"line":139,"column":10},"end":{"line":139,"column":58}},"39":{"start":{"line":140,"column":10},"end":{"line":140,"column":17}},"40":{"start":{"line":143,"column":8},"end":{"line":145,"column":9}},"41":{"start":{"line":144,"column":10},"end":{"line":144,"column":17}},"42":{"start":{"line":147,"column":8},"end":{"line":147,"column":41}},"43":{"start":{"line":148,"column":8},"end":{"line":148,"column":44}},"44":{"start":{"line":150,"column":8},"end":{"line":150,"column":72}},"45":{"start":{"line":152,"column":8},"end":{"line":154,"column":9}},"46":{"start":{"line":153,"column":10},"end":{"line":153,"column":35}},"47":{"start":{"line":158,"column":4},"end":{"line":158,"column":29}},"48":{"start":{"line":160,"column":35},"end":{"line":170,"column":5}},"49":{"start":{"line":162,"column":8},"end":{"line":164,"column":9}},"50":{"start":{"line":163,"column":10},"end":{"line":163,"column":17}},"51":{"start":{"line":166,"column":8},"end":{"line":166,"column":32}},"52":{"start":{"line":167,"column":8},"end":{"line":167,"column":43}},"53":{"start":{"line":168,"column":8},"end":{"line":168,"column":33}},"54":{"start":{"line":172,"column":4},"end":{"line":175,"column":6}},"55":{"start":{"line":173,"column":6},"end":{"line":173,"column":24}},"56":{"start":{"line":174,"column":6},"end":{"line":174,"column":47}},"57":{"start":{"line":178,"column":17},"end":{"line":219,"column":8}},"58":{"start":{"line":179,"column":4},"end":{"line":184,"column":5}},"59":{"start":{"line":180,"column":6},"end":{"line":183,"column":8}},"60":{"start":{"line":186,"column":4},"end":{"line":186,"column":25}},"61":{"start":{"line":187,"column":4},"end":{"line":218,"column":5}},"62":{"start":{"line":188,"column":30},"end":{"line":191,"column":8}},"63":{"start":{"line":193,"column":6},"end":{"line":195,"column":7}},"64":{"start":{"line":194,"column":8},"end":{"line":194,"column":56}},"65":{"start":{"line":197,"column":6},"end":{"line":202,"column":7}},"66":{"start":{"line":198,"column":8},"end":{"line":201,"column":10}},"67":{"start":{"line":204,"column":6},"end":{"line":204,"column":31}},"68":{"start":{"line":205,"column":6},"end":{"line":205,"column":33}},"69":{"start":{"line":206,"column":6},"end":{"line":206,"column":31}},"70":{"start":{"line":208,"column":6},"end":{"line":208,"column":51}},"71":{"start":{"line":209,"column":6},"end":{"line":215,"column":8}},"72":{"start":{"line":217,"column":6},"end":{"line":217,"column":28}},"73":{"start":{"line":221,"column":17},"end":{"line":312,"column":3}},"74":{"start":{"line":231,"column":6},"end":{"line":236,"column":7}},"75":{"start":{"line":232,"column":8},"end":{"line":235,"column":10}},"76":{"start":{"line":238,"column":6},"end":{"line":238,"column":27}},"77":{"start":{"line":239,"column":6},"end":{"line":309,"column":7}},"78":{"start":{"line":240,"column":32},"end":{"line":248,"column":10}},"79":{"start":{"line":250,"column":8},"end":{"line":252,"column":9}},"80":{"start":{"line":251,"column":10},"end":{"line":251,"column":58}},"81":{"start":{"line":254,"column":23},"end":{"line":254,"column":36}},"82":{"start":{"line":255,"column":8},"end":{"line":287,"column":9}},"83":{"start":{"line":256,"column":22},"end":{"line":256,"column":46}},"84":{"start":{"line":258,"column":12},"end":{"line":264,"column":13}},"85":{"start":{"line":267,"column":69},"end":{"line":267,"column":79}},"86":{"start":{"line":269,"column":31},"end":{"line":276,"column":56}},"87":{"start":{"line":279,"column":12},"end":{"line":279,"column":63}},"88":{"start":{"line":281,"column":10},"end":{"line":286,"column":11}},"89":{"start":{"line":282,"column":12},"end":{"line":285,"column":14}},"90":{"start":{"line":289,"column":8},"end":{"line":292,"column":9}},"91":{"start":{"line":290,"column":10},"end":{"line":290,"column":35}},"92":{"start":{"line":291,"column":10},"end":{"line":291,"column":37}},"93":{"start":{"line":294,"column":8},"end":{"line":297,"column":10}},"94":{"start":{"line":299,"column":8},"end":{"line":299,"column":53}},"95":{"start":{"line":300,"column":8},"end":{"line":306,"column":10}},"96":{"start":{"line":308,"column":8},"end":{"line":308,"column":30}},"97":{"start":{"line":314,"column":18},"end":{"line":337,"column":8}},"98":{"start":{"line":315,"column":4},"end":{"line":315,"column":25}},"99":{"start":{"line":316,"column":4},"end":{"line":336,"column":5}},"100":{"start":{"line":317,"column":24},"end":{"line":317,"column":53}},"101":{"start":{"line":318,"column":6},"end":{"line":320,"column":7}},"102":{"start":{"line":319,"column":8},"end":{"line":319,"column":56}},"103":{"start":{"line":322,"column":6},"end":{"line":322,"column":23}},"104":{"start":{"line":323,"column":6},"end":{"line":323,"column":20}},"105":{"start":{"line":324,"column":6},"end":{"line":324,"column":31}},"106":{"start":{"line":326,"column":6},"end":{"line":326,"column":52}},"107":{"start":{"line":327,"column":6},"end":{"line":333,"column":8}},"108":{"start":{"line":335,"column":6},"end":{"line":335,"column":28}},"109":{"start":{"line":339,"column":25},"end":{"line":352,"column":8}},"110":{"start":{"line":340,"column":4},"end":{"line":351,"column":5}},"111":{"start":{"line":341,"column":30},"end":{"line":341,"column":62}},"112":{"start":{"line":342,"column":6},"end":{"line":345,"column":7}},"113":{"start":{"line":343,"column":8},"end":{"line":343,"column":58}},"114":{"start":{"line":344,"column":8},"end":{"line":344,"column":15}},"115":{"start":{"line":347,"column":6},"end":{"line":347,"column":39}},"116":{"start":{"line":348,"column":6},"end":{"line":348,"column":42}},"117":{"start":{"line":350,"column":6},"end":{"line":350,"column":66}},"118":{"start":{"line":354,"column":2},"end":{"line":369,"column":23}},"119":{"start":{"line":355,"column":33},"end":{"line":359,"column":5}},"120":{"start":{"line":356,"column":6},"end":{"line":358,"column":7}},"121":{"start":{"line":357,"column":8},"end":{"line":357,"column":30}},"122":{"start":{"line":361,"column":25},"end":{"line":364,"column":5}},"123":{"start":{"line":366,"column":4},"end":{"line":368,"column":6}},"124":{"start":{"line":367,"column":6},"end":{"line":367,"column":28}},"125":{"start":{"line":371,"column":16},"end":{"line":392,"column":3}},"126":{"start":{"line":372,"column":11},"end":{"line":381,"column":5}},"127":{"start":{"line":394,"column":2},"end":{"line":394,"column":79}}},"fnMap":{"0":{"name":"(anonymous_0)","decl":{"start":{"line":55,"column":18},"end":{"line":55,"column":19}},"loc":{"start":{"line":56,"column":2},"end":{"line":58,"column":4}},"line":56},"1":{"name":"(anonymous_1)","decl":{"start":{"line":56,"column":14},"end":{"line":56,"column":15}},"loc":{"start":{"line":56,"column":27},"end":{"line":58,"column":3}},"line":56},"2":{"name":"(anonymous_2)","decl":{"start":{"line":60,"column":23},"end":{"line":60,"column":24}},"loc":{"start":{"line":60,"column":67},"end":{"line":81,"column":1}},"line":60},"3":{"name":"(anonymous_3)","decl":{"start":{"line":83,"column":26},"end":{"line":83,"column":27}},"loc":{"start":{"line":83,"column":51},"end":{"line":94,"column":1}},"line":83},"4":{"name":"(anonymous_4)","decl":{"start":{"line":96,"column":23},"end":{"line":96,"column":24}},"loc":{"start":{"line":96,"column":29},"end":{"line":102,"column":1}},"line":96},"5":{"name":"(anonymous_5)","decl":{"start":{"line":104,"column":28},"end":{"line":104,"column":29}},"loc":{"start":{"line":104,"column":71},"end":{"line":395,"column":1}},"line":104},"6":{"name":"(anonymous_6)","decl":{"start":{"line":114,"column":12},"end":{"line":114,"column":13}},"loc":{"start":{"line":114,"column":18},"end":{"line":176,"column":3}},"line":114},"7":{"name":"(anonymous_7)","decl":{"start":{"line":119,"column":13},"end":{"line":119,"column":14}},"loc":{"start":{"line":119,"column":19},"end":{"line":121,"column":7}},"line":119},"8":{"name":"(anonymous_8)","decl":{"start":{"line":124,"column":30},"end":{"line":124,"column":31}},"loc":{"start":{"line":124,"column":42},"end":{"line":156,"column":5}},"line":124},"9":{"name":"(anonymous_9)","decl":{"start":{"line":161,"column":6},"end":{"line":161,"column":7}},"loc":{"start":{"line":161,"column":31},"end":{"line":169,"column":7}},"line":161},"10":{"name":"(anonymous_10)","decl":{"start":{"line":172,"column":11},"end":{"line":172,"column":12}},"loc":{"start":{"line":172,"column":17},"end":{"line":175,"column":5}},"line":172},"11":{"name":"(anonymous_11)","decl":{"start":{"line":178,"column":29},"end":{"line":178,"column":30}},"loc":{"start":{"line":178,"column":72},"end":{"line":219,"column":3}},"line":178},"12":{"name":"(anonymous_12)","decl":{"start":{"line":222,"column":4},"end":{"line":222,"column":5}},"loc":{"start":{"line":230,"column":10},"end":{"line":310,"column":5}},"line":230},"13":{"name":"(anonymous_13)","decl":{"start":{"line":314,"column":30},"end":{"line":314,"column":31}},"loc":{"start":{"line":314,"column":42},"end":{"line":337,"column":3}},"line":314},"14":{"name":"(anonymous_14)","decl":{"start":{"line":339,"column":37},"end":{"line":339,"column":38}},"loc":{"start":{"line":339,"column":49},"end":{"line":352,"column":3}},"line":339},"15":{"name":"(anonymous_15)","decl":{"start":{"line":354,"column":12},"end":{"line":354,"column":13}},"loc":{"start":{"line":354,"column":18},"end":{"line":369,"column":3}},"line":354},"16":{"name":"(anonymous_16)","decl":{"start":{"line":355,"column":33},"end":{"line":355,"column":34}},"loc":{"start":{"line":355,"column":67},"end":{"line":359,"column":5}},"line":355},"17":{"name":"(anonymous_17)","decl":{"start":{"line":366,"column":11},"end":{"line":366,"column":12}},"loc":{"start":{"line":366,"column":17},"end":{"line":368,"column":5}},"line":366},"18":{"name":"(anonymous_18)","decl":{"start":{"line":372,"column":4},"end":{"line":372,"column":5}},"loc":{"start":{"line":372,"column":11},"end":{"line":381,"column":5}},"line":372}},"branchMap":{"0":{"loc":{"start":{"line":43,"column":2},"end":{"line":44,"column":39}},"type":"binary-expr","locations":[{"start":{"line":43,"column":3},"end":{"line":43,"column":33}},{"start":{"line":43,"column":37},"end":{"line":43,"column":44}},{"start":{"line":44,"column":2},"end":{"line":44,"column":39}}],"line":43},"1":{"loc":{"start":{"line":47,"column":4},"end":{"line":50,"column":6}},"type":"binary-expr","locations":[{"start":{"line":47,"column":4},"end":{"line":47,"column":44}},{"start":{"line":48,"column":4},"end":{"line":48,"column":41}},{"start":{"line":49,"column":4},"end":{"line":49,"column":41}},{"start":{"line":50,"column":4},"end":{"line":50,"column":6}}],"line":47},"2":{"loc":{"start":{"line":55,"column":19},"end":{"line":55,"column":33}},"type":"default-arg","locations":[{"start":{"line":55,"column":30},"end":{"line":55,"column":33}}],"line":55},"3":{"loc":{"start":{"line":68,"column":17},"end":{"line":68,"column":63}},"type":"binary-expr","locations":[{"start":{"line":68,"column":17},"end":{"line":68,"column":25}},{"start":{"line":68,"column":29},"end":{"line":68,"column":48}},{"start":{"line":68,"column":52},"end":{"line":68,"column":63}}],"line":68},"4":{"loc":{"start":{"line":98,"column":2},"end":{"line":100,"column":3}},"type":"if","locations":[{"start":{"line":98,"column":2},"end":{"line":100,"column":3}},{"start":{},"end":{}}],"line":98},"5":{"loc":{"start":{"line":112,"column":28},"end":{"line":112,"column":65}},"type":"binary-expr","locations":[{"start":{"line":112,"column":28},"end":{"line":112,"column":45}},{"start":{"line":112,"column":49},"end":{"line":112,"column":65}}],"line":112},"6":{"loc":{"start":{"line":117,"column":4},"end":{"line":122,"column":5}},"type":"if","locations":[{"start":{"line":117,"column":4},"end":{"line":122,"column":5}},{"start":{},"end":{}}],"line":117},"7":{"loc":{"start":{"line":127,"column":8},"end":{"line":135,"column":9}},"type":"if","locations":[{"start":{"line":127,"column":8},"end":{"line":135,"column":9}},{"start":{},"end":{}}],"line":127},"8":{"loc":{"start":{"line":131,"column":10},"end":{"line":133,"column":11}},"type":"if","locations":[{"start":{"line":131,"column":10},"end":{"line":133,"column":11}},{"start":{},"end":{}}],"line":131},"9":{"loc":{"start":{"line":138,"column":8},"end":{"line":141,"column":9}},"type":"if","locations":[{"start":{"line":138,"column":8},"end":{"line":141,"column":9}},{"start":{},"end":{}}],"line":138},"10":{"loc":{"start":{"line":143,"column":8},"end":{"line":145,"column":9}},"type":"if","locations":[{"start":{"line":143,"column":8},"end":{"line":145,"column":9}},{"start":{},"end":{}}],"line":143},"11":{"loc":{"start":{"line":147,"column":19},"end":{"line":147,"column":39}},"type":"binary-expr","locations":[{"start":{"line":147,"column":19},"end":{"line":147,"column":31}},{"start":{"line":147,"column":35},"end":{"line":147,"column":39}}],"line":147},"12":{"loc":{"start":{"line":148,"column":16},"end":{"line":148,"column":42}},"type":"binary-expr","locations":[{"start":{"line":148,"column":16},"end":{"line":148,"column":34}},{"start":{"line":148,"column":38},"end":{"line":148,"column":42}}],"line":148},"13":{"loc":{"start":{"line":152,"column":8},"end":{"line":154,"column":9}},"type":"if","locations":[{"start":{"line":152,"column":8},"end":{"line":154,"column":9}},{"start":{},"end":{}}],"line":152},"14":{"loc":{"start":{"line":162,"column":8},"end":{"line":164,"column":9}},"type":"if","locations":[{"start":{"line":162,"column":8},"end":{"line":164,"column":9}},{"start":{},"end":{}}],"line":162},"15":{"loc":{"start":{"line":167,"column":16},"end":{"line":167,"column":41}},"type":"binary-expr","locations":[{"start":{"line":167,"column":16},"end":{"line":167,"column":33}},{"start":{"line":167,"column":37},"end":{"line":167,"column":41}}],"line":167},"16":{"loc":{"start":{"line":179,"column":4},"end":{"line":184,"column":5}},"type":"if","locations":[{"start":{"line":179,"column":4},"end":{"line":184,"column":5}},{"start":{},"end":{}}],"line":179},"17":{"loc":{"start":{"line":193,"column":6},"end":{"line":195,"column":7}},"type":"if","locations":[{"start":{"line":193,"column":6},"end":{"line":195,"column":7}},{"start":{},"end":{}}],"line":193},"18":{"loc":{"start":{"line":197,"column":6},"end":{"line":202,"column":7}},"type":"if","locations":[{"start":{"line":197,"column":6},"end":{"line":202,"column":7}},{"start":{},"end":{}}],"line":197},"19":{"loc":{"start":{"line":212,"column":10},"end":{"line":214,"column":52}},"type":"cond-expr","locations":[{"start":{"line":213,"column":14},"end":{"line":213,"column":27}},{"start":{"line":214,"column":14},"end":{"line":214,"column":52}}],"line":212},"20":{"loc":{"start":{"line":231,"column":6},"end":{"line":236,"column":7}},"type":"if","locations":[{"start":{"line":231,"column":6},"end":{"line":236,"column":7}},{"start":{},"end":{}}],"line":231},"21":{"loc":{"start":{"line":245,"column":25},"end":{"line":245,"column":41}},"type":"binary-expr","locations":[{"start":{"line":245,"column":25},"end":{"line":245,"column":33}},{"start":{"line":245,"column":37},"end":{"line":245,"column":41}}],"line":245},"22":{"loc":{"start":{"line":250,"column":8},"end":{"line":252,"column":9}},"type":"if","locations":[{"start":{"line":250,"column":8},"end":{"line":252,"column":9}},{"start":{},"end":{}}],"line":250},"23":{"loc":{"start":{"line":255,"column":8},"end":{"line":287,"column":9}},"type":"if","locations":[{"start":{"line":255,"column":8},"end":{"line":287,"column":9}},{"start":{},"end":{}}],"line":255},"24":{"loc":{"start":{"line":261,"column":25},"end":{"line":261,"column":41}},"type":"binary-expr","locations":[{"start":{"line":261,"column":25},"end":{"line":261,"column":33}},{"start":{"line":261,"column":37},"end":{"line":261,"column":41}}],"line":261},"25":{"loc":{"start":{"line":279,"column":12},"end":{"line":279,"column":63}},"type":"binary-expr","locations":[{"start":{"line":279,"column":12},"end":{"line":279,"column":55}},{"start":{"line":279,"column":59},"end":{"line":279,"column":63}}],"line":279},"26":{"loc":{"start":{"line":281,"column":10},"end":{"line":286,"column":11}},"type":"if","locations":[{"start":{"line":281,"column":10},"end":{"line":286,"column":11}},{"start":{},"end":{}}],"line":281},"27":{"loc":{"start":{"line":289,"column":8},"end":{"line":292,"column":9}},"type":"if","locations":[{"start":{"line":289,"column":8},"end":{"line":292,"column":9}},{"start":{},"end":{}}],"line":289},"28":{"loc":{"start":{"line":303,"column":12},"end":{"line":305,"column":54}},"type":"cond-expr","locations":[{"start":{"line":304,"column":16},"end":{"line":304,"column":29}},{"start":{"line":305,"column":16},"end":{"line":305,"column":54}}],"line":303},"29":{"loc":{"start":{"line":318,"column":6},"end":{"line":320,"column":7}},"type":"if","locations":[{"start":{"line":318,"column":6},"end":{"line":320,"column":7}},{"start":{},"end":{}}],"line":318},"30":{"loc":{"start":{"line":330,"column":10},"end":{"line":332,"column":53}},"type":"cond-expr","locations":[{"start":{"line":331,"column":14},"end":{"line":331,"column":27}},{"start":{"line":332,"column":14},"end":{"line":332,"column":53}}],"line":330},"31":{"loc":{"start":{"line":342,"column":6},"end":{"line":345,"column":7}},"type":"if","locations":[{"start":{"line":342,"column":6},"end":{"line":345,"column":7}},{"start":{},"end":{}}],"line":342},"32":{"loc":{"start":{"line":347,"column":17},"end":{"line":347,"column":37}},"type":"binary-expr","locations":[{"start":{"line":347,"column":17},"end":{"line":347,"column":29}},{"start":{"line":347,"column":33},"end":{"line":347,"column":37}}],"line":347},"33":{"loc":{"start":{"line":348,"column":14},"end":{"line":348,"column":40}},"type":"binary-expr","locations":[{"start":{"line":348,"column":14},"end":{"line":348,"column":32}},{"start":{"line":348,"column":36},"end":{"line":348,"column":40}}],"line":348},"34":{"loc":{"start":{"line":356,"column":6},"end":{"line":358,"column":7}},"type":"if","locations":[{"start":{"line":356,"column":6},"end":{"line":358,"column":7}},{"start":{},"end":{}}],"line":356}},"s":{"0":1,"1":1,"2":1,"3":1,"4":0,"5":0,"6":1,"7":0,"8":0,"9":1,"10":0,"11":0,"12":1,"13":7,"14":7,"15":0,"16":7,"17":1,"18":8,"19":8,"20":8,"21":8,"22":8,"23":8,"24":3,"25":3,"26":0,"27":0,"28":0,"29":3,"30":3,"31":3,"32":0,"33":0,"34":0,"35":0,"36":3,"37":3,"38":0,"39":0,"40":3,"41":0,"42":3,"43":3,"44":0,"45":3,"46":3,"47":3,"48":3,"49":0,"50":0,"51":0,"52":0,"53":0,"54":3,"55":3,"56":3,"57":8,"58":0,"59":0,"60":0,"61":0,"62":0,"63":0,"64":0,"65":0,"66":0,"67":0,"68":0,"69":0,"70":0,"71":0,"72":0,"73":8,"74":1,"75":0,"76":1,"77":1,"78":1,"79":1,"80":0,"81":1,"82":1,"83":1,"84":1,"85":1,"86":1,"87":1,"88":1,"89":1,"90":1,"91":1,"92":1,"93":1,"94":0,"95":0,"96":1,"97":8,"98":0,"99":0,"100":0,"101":0,"102":0,"103":0,"104":0,"105":0,"106":0,"107":0,"108":0,"109":8,"110":1,"111":1,"112":1,"113":0,"114":0,"115":1,"116":1,"117":0,"118":8,"119":3,"120":1,"121":1,"122":3,"123":3,"124":3,"125":8,"126":7,"127":8},"f":{"0":0,"1":0,"2":0,"3":0,"4":7,"5":8,"6":3,"7":0,"8":3,"9":0,"10":3,"11":0,"12":1,"13":0,"14":1,"15":3,"16":1,"17":3,"18":7},"b":{"0":[1,1,0],"1":[1,1,1,1],"2":[0],"3":[0,0,0],"4":[0,7],"5":[8,0],"6":[0,3],"7":[0,3],"8":[0,0],"9":[0,3],"10":[0,3],"11":[3,3],"12":[3,3],"13":[3,0],"14":[0,0],"15":[0,0],"16":[0,0],"17":[0,0],"18":[0,0],"19":[0,0],"20":[0,1],"21":[1,0],"22":[0,1],"23":[1,0],"24":[1,0],"25":[1,0],"26":[1,0],"27":[1,0],"28":[0,0],"29":[0,0],"30":[0,0],"31":[0,1],"32":[1,1],"33":[1,1],"34":[1,0]},"_coverageSchema":"1a1c01bbd47fc00a2c39e90264f33305004495a9","hash":"21c5d56ec03580c7fb19fb3b6ad2d2736709653c"}
,"/home/runner/workspace/contexts/ThemeContext.tsx": {"path":"/home/runner/workspace/contexts/ThemeContext.tsx","statementMap":{"0":{"start":{"line":15,"column":21},"end":{"line":15,"column":76}},"1":{"start":{"line":17,"column":26},"end":{"line":17,"column":42}},"2":{"start":{"line":19,"column":70},"end":{"line":105,"column":1}},"3":{"start":{"line":20,"column":28},"end":{"line":20,"column":44}},"4":{"start":{"line":21,"column":41},"end":{"line":21,"column":70}},"5":{"start":{"line":22,"column":36},"end":{"line":22,"column":50}},"6":{"start":{"line":25,"column":31},"end":{"line":27,"column":15}},"7":{"start":{"line":29,"column":17},"end":{"line":29,"column":34}},"8":{"start":{"line":32,"column":28},"end":{"line":47,"column":17}},"9":{"start":{"line":33,"column":4},"end":{"line":46,"column":5}},"10":{"start":{"line":34,"column":19},"end":{"line":34,"column":55}},"11":{"start":{"line":36,"column":6},"end":{"line":39,"column":9}},"12":{"start":{"line":37,"column":27},"end":{"line":37,"column":75}},"13":{"start":{"line":38,"column":8},"end":{"line":38,"column":51}},"14":{"start":{"line":42,"column":6},"end":{"line":42,"column":56}},"15":{"start":{"line":43,"column":6},"end":{"line":45,"column":7}},"16":{"start":{"line":44,"column":8},"end":{"line":44,"column":102}},"17":{"start":{"line":50,"column":2},"end":{"line":66,"column":26}},"18":{"start":{"line":51,"column":22},"end":{"line":63,"column":5}},"19":{"start":{"line":52,"column":6},"end":{"line":52,"column":25}},"20":{"start":{"line":53,"column":6},"end":{"line":62,"column":7}},"21":{"start":{"line":54,"column":27},"end":{"line":54,"column":72}},"22":{"start":{"line":55,"column":8},"end":{"line":57,"column":9}},"23":{"start":{"line":56,"column":10},"end":{"line":56,"column":53}},"24":{"start":{"line":59,"column":8},"end":{"line":59,"column":65}},"25":{"start":{"line":61,"column":8},"end":{"line":61,"column":28}},"26":{"start":{"line":65,"column":4},"end":{"line":65,"column":16}},"27":{"start":{"line":69,"column":2},"end":{"line":73,"column":45}},"28":{"start":{"line":70,"column":4},"end":{"line":72,"column":5}},"29":{"start":{"line":71,"column":6},"end":{"line":71,"column":32}},"30":{"start":{"line":75,"column":23},"end":{"line":84,"column":8}},"31":{"start":{"line":76,"column":4},"end":{"line":83,"column":5}},"32":{"start":{"line":77,"column":6},"end":{"line":77,"column":30}},"33":{"start":{"line":78,"column":6},"end":{"line":80,"column":9}},"34":{"start":{"line":79,"column":8},"end":{"line":79,"column":58}},"35":{"start":{"line":82,"column":6},"end":{"line":82,"column":63}},"36":{"start":{"line":86,"column":22},"end":{"line":89,"column":31}},"37":{"start":{"line":87,"column":32},"end":{"line":87,"column":72}},"38":{"start":{"line":88,"column":4},"end":{"line":88,"column":27}},"39":{"start":{"line":91,"column":35},"end":{"line":98,"column":3}},"40":{"start":{"line":100,"column":2},"end":{"line":104,"column":4}},"41":{"start":{"line":107,"column":24},"end":{"line":113,"column":1}},"42":{"start":{"line":108,"column":18},"end":{"line":108,"column":42}},"43":{"start":{"line":109,"column":2},"end":{"line":111,"column":3}},"44":{"start":{"line":110,"column":4},"end":{"line":110,"column":68}},"45":{"start":{"line":112,"column":2},"end":{"line":112,"column":17}},"46":{"start":{"line":116,"column":30},"end":{"line":119,"column":1}},"47":{"start":{"line":117,"column":21},"end":{"line":117,"column":31}},"48":{"start":{"line":118,"column":2},"end":{"line":118,"column":16}},"49":{"start":{"line":122,"column":34},"end":{"line":126,"column":1}},"50":{"start":{"line":125,"column":2},"end":{"line":125,"column":58}},"51":{"start":{"line":125,"column":37},"end":{"line":125,"column":57}}},"fnMap":{"0":{"name":"(anonymous_0)","decl":{"start":{"line":19,"column":70},"end":{"line":19,"column":71}},"loc":{"start":{"line":19,"column":88},"end":{"line":105,"column":1}},"line":19},"1":{"name":"(anonymous_1)","decl":{"start":{"line":32,"column":40},"end":{"line":32,"column":41}},"loc":{"start":{"line":32,"column":70},"end":{"line":47,"column":3}},"line":32},"2":{"name":"(anonymous_2)","decl":{"start":{"line":36,"column":43},"end":{"line":36,"column":44}},"loc":{"start":{"line":36,"column":67},"end":{"line":39,"column":7}},"line":36},"3":{"name":"(anonymous_3)","decl":{"start":{"line":50,"column":12},"end":{"line":50,"column":13}},"loc":{"start":{"line":50,"column":18},"end":{"line":66,"column":3}},"line":50},"4":{"name":"(anonymous_4)","decl":{"start":{"line":51,"column":22},"end":{"line":51,"column":23}},"loc":{"start":{"line":51,"column":34},"end":{"line":63,"column":5}},"line":51},"5":{"name":"(anonymous_5)","decl":{"start":{"line":69,"column":12},"end":{"line":69,"column":13}},"loc":{"start":{"line":69,"column":18},"end":{"line":73,"column":3}},"line":69},"6":{"name":"(anonymous_6)","decl":{"start":{"line":75,"column":35},"end":{"line":75,"column":36}},"loc":{"start":{"line":75,"column":62},"end":{"line":84,"column":3}},"line":75},"7":{"name":"(anonymous_7)","decl":{"start":{"line":78,"column":64},"end":{"line":78,"column":65}},"loc":{"start":{"line":78,"column":73},"end":{"line":80,"column":7}},"line":78},"8":{"name":"(anonymous_8)","decl":{"start":{"line":86,"column":34},"end":{"line":86,"column":35}},"loc":{"start":{"line":86,"column":40},"end":{"line":89,"column":3}},"line":86},"9":{"name":"(anonymous_9)","decl":{"start":{"line":107,"column":24},"end":{"line":107,"column":25}},"loc":{"start":{"line":107,"column":49},"end":{"line":113,"column":1}},"line":107},"10":{"name":"(anonymous_10)","decl":{"start":{"line":116,"column":30},"end":{"line":116,"column":31}},"loc":{"start":{"line":116,"column":49},"end":{"line":119,"column":1}},"line":116},"11":{"name":"(anonymous_11)","decl":{"start":{"line":122,"column":34},"end":{"line":122,"column":35}},"loc":{"start":{"line":124,"column":5},"end":{"line":126,"column":1}},"line":124},"12":{"name":"(anonymous_12)","decl":{"start":{"line":125,"column":9},"end":{"line":125,"column":10}},"loc":{"start":{"line":125,"column":37},"end":{"line":125,"column":57}},"line":125}},"branchMap":{"0":{"loc":{"start":{"line":25,"column":31},"end":{"line":27,"column":15}},"type":"cond-expr","locations":[{"start":{"line":26,"column":7},"end":{"line":26,"column":54}},{"start":{"line":27,"column":6},"end":{"line":27,"column":15}}],"line":25},"1":{"loc":{"start":{"line":26,"column":7},"end":{"line":26,"column":54}},"type":"cond-expr","locations":[{"start":{"line":26,"column":38},"end":{"line":26,"column":44}},{"start":{"line":26,"column":47},"end":{"line":26,"column":54}}],"line":26},"2":{"loc":{"start":{"line":33,"column":4},"end":{"line":46,"column":5}},"type":"if","locations":[{"start":{"line":33,"column":4},"end":{"line":46,"column":5}},{"start":{},"end":{}}],"line":33},"3":{"loc":{"start":{"line":34,"column":19},"end":{"line":34,"column":55}},"type":"binary-expr","locations":[{"start":{"line":34,"column":19},"end":{"line":34,"column":43}},{"start":{"line":34,"column":47},"end":{"line":34,"column":55}}],"line":34},"4":{"loc":{"start":{"line":37,"column":27},"end":{"line":37,"column":75}},"type":"binary-expr","locations":[{"start":{"line":37,"column":27},"end":{"line":37,"column":69}},{"start":{"line":37,"column":73},"end":{"line":37,"column":75}}],"line":37},"5":{"loc":{"start":{"line":43,"column":6},"end":{"line":45,"column":7}},"type":"if","locations":[{"start":{"line":43,"column":6},"end":{"line":45,"column":7}},{"start":{},"end":{}}],"line":43},"6":{"loc":{"start":{"line":55,"column":8},"end":{"line":57,"column":9}},"type":"if","locations":[{"start":{"line":55,"column":8},"end":{"line":57,"column":9}},{"start":{},"end":{}}],"line":55},"7":{"loc":{"start":{"line":55,"column":12},"end":{"line":55,"column":74}},"type":"binary-expr","locations":[{"start":{"line":55,"column":12},"end":{"line":55,"column":22}},{"start":{"line":55,"column":26},"end":{"line":55,"column":74}}],"line":55},"8":{"loc":{"start":{"line":70,"column":4},"end":{"line":72,"column":5}},"type":"if","locations":[{"start":{"line":70,"column":4},"end":{"line":72,"column":5}},{"start":{},"end":{}}],"line":70},"9":{"loc":{"start":{"line":87,"column":32},"end":{"line":87,"column":72}},"type":"cond-expr","locations":[{"start":{"line":87,"column":56},"end":{"line":87,"column":62}},{"start":{"line":87,"column":65},"end":{"line":87,"column":72}}],"line":87},"10":{"loc":{"start":{"line":109,"column":2},"end":{"line":111,"column":3}},"type":"if","locations":[{"start":{"line":109,"column":2},"end":{"line":111,"column":3}},{"start":{},"end":{}}],"line":109}},"s":{"0":3,"1":3,"2":3,"3":13,"4":13,"5":13,"6":13,"7":13,"8":13,"9":6,"10":0,"11":0,"12":0,"13":0,"14":0,"15":0,"16":0,"17":13,"18":6,"19":6,"20":6,"21":6,"22":6,"23":3,"24":0,"25":6,"26":6,"27":13,"28":13,"29":6,"30":13,"31":1,"32":1,"33":1,"34":0,"35":0,"36":13,"37":0,"38":0,"39":13,"40":13,"41":3,"42":13,"43":13,"44":0,"45":13,"46":3,"47":0,"48":0,"49":3,"50":0,"51":0},"f":{"0":13,"1":6,"2":0,"3":6,"4":6,"5":13,"6":1,"7":0,"8":0,"9":13,"10":0,"11":0,"12":0},"b":{"0":[8,5],"1":[0,8],"2":[0,6],"3":[0,0],"4":[0,0],"5":[0,0],"6":[3,3],"7":[6,3],"8":[6,7],"9":[0,0],"10":[0,13]},"_coverageSchema":"1a1c01bbd47fc00a2c39e90264f33305004495a9","hash":"9cf797c85ea66af606dcfb29d075799d6de54507"}
,"/home/runner/workspace/utils/auth/validatePassword.ts": {"path":"/home/runner/workspace/utils/auth/validatePassword.ts","statementMap":{"0":{"start":{"line":12,"column":32},"end":{"line":22,"column":1}},"1":{"start":{"line":13,"column":2},"end":{"line":15,"column":3}},"2":{"start":{"line":14,"column":4},"end":{"line":14,"column":60}},"3":{"start":{"line":17,"column":2},"end":{"line":19,"column":3}},"4":{"start":{"line":18,"column":4},"end":{"line":18,"column":60}},"5":{"start":{"line":21,"column":2},"end":{"line":21,"column":25}}},"fnMap":{"0":{"name":"(anonymous_0)","decl":{"start":{"line":12,"column":32},"end":{"line":12,"column":33}},"loc":{"start":{"line":12,"column":80},"end":{"line":22,"column":1}},"line":12}},"branchMap":{"0":{"loc":{"start":{"line":13,"column":2},"end":{"line":15,"column":3}},"type":"if","locations":[{"start":{"line":13,"column":2},"end":{"line":15,"column":3}},{"start":{},"end":{}}],"line":13},"1":{"loc":{"start":{"line":13,"column":6},"end":{"line":13,"column":56}},"type":"binary-expr","locations":[{"start":{"line":13,"column":6},"end":{"line":13,"column":15}},{"start":{"line":13,"column":19},"end":{"line":13,"column":56}}],"line":13},"2":{"loc":{"start":{"line":17,"column":2},"end":{"line":19,"column":3}},"type":"if","locations":[{"start":{"line":17,"column":2},"end":{"line":19,"column":3}},{"start":{},"end":{}}],"line":17}},"s":{"0":1,"1":1,"2":1,"3":0,"4":0,"5":0},"f":{"0":1},"b":{"0":[1,0],"1":[1,1],"2":[0,0]},"_coverageSchema":"1a1c01bbd47fc00a2c39e90264f33305004495a9","hash":"98830d8750ff9db9f5790026f65ff7009a9677c5"}
}
