TN:
SF:app/(auth)/signin.tsx
FN:16,(anonymous_0)
FN:48,(anonymous_1)
FN:61,(anonymous_2)
FN:66,(anonymous_3)
FN:71,(anonymous_4)
FN:79,(anonymous_5)
FN:118,(anonymous_6)
FN:136,(anonymous_7)
FN:171,(anonymous_8)
FN:189,(anonymous_9)
FN:195,(anonymous_10)
FN:210,(anonymous_11)
FN:226,(anonymous_12)
FN:249,(anonymous_13)
FNF:14
FNH:9
FNDA:6,(anonymous_0)
FNDA:6,(anonymous_1)
FNDA:2,(anonymous_2)
FNDA:6,(anonymous_3)
FNDA:1,(anonymous_4)
FNDA:2,(anonymous_5)
FNDA:0,(anonymous_6)
FNDA:0,(anonymous_7)
FNDA:2,(anonymous_8)
FNDA:2,(anonymous_9)
FNDA:0,(anonymous_10)
FNDA:0,(anonymous_11)
FNDA:6,(anonymous_12)
FNDA:0,(anonymous_13)
DA:16,1
DA:17,6
DA:18,0
DA:24,6
DA:48,1
DA:49,6
DA:50,6
DA:54,6
DA:55,6
DA:56,6
DA:58,6
DA:59,6
DA:61,6
DA:62,2
DA:63,2
DA:66,6
DA:71,6
DA:72,1
DA:73,0
DA:75,1
DA:79,6
DA:80,2
DA:81,2
DA:82,2
DA:84,2
DA:85,0
DA:86,0
DA:89,2
DA:91,2
DA:92,2
DA:93,2
DA:95,2
DA:96,1
DA:97,1
DA:103,1
DA:106,1
DA:107,1
DA:109,0
DA:110,0
DA:111,0
DA:114,0
DA:118,6
DA:119,0
DA:126,6
DA:136,0
DA:171,2
DA:189,2
DA:195,0
DA:210,0
DA:226,6
DA:249,0
DA:270,1
LF:52
LH:39
BRDA:17,0,0,0
BRDA:17,0,1,6
BRDA:72,1,0,0
BRDA:72,1,1,1
BRDA:72,2,0,1
BRDA:72,2,1,1
BRDA:84,3,0,0
BRDA:84,3,1,2
BRDA:84,4,0,2
BRDA:84,4,1,2
BRDA:95,5,0,1
BRDA:95,5,1,1
BRDA:98,6,0,1
BRDA:98,6,1,0
BRDA:99,7,0,1
BRDA:99,7,1,0
BRDA:101,8,0,0
BRDA:101,8,1,0
BRDA:110,9,0,0
BRDA:110,9,1,0
BRDA:111,10,0,0
BRDA:111,10,1,0
BRDA:114,11,0,0
BRDA:114,11,1,0
BRDA:197,12,0,0
BRDA:197,12,1,6
BRDA:212,13,0,6
BRDA:212,13,1,0
BRDA:213,14,0,6
BRDA:213,14,1,0
BRDA:228,15,0,6
BRDA:228,15,1,0
BRDA:229,16,0,6
BRDA:229,16,1,0
BRDA:238,17,0,0
BRDA:238,17,1,6
BRDA:242,18,0,0
BRDA:242,18,1,6
BRF:38
BRH:18
end_of_record
TN:
SF:app/(auth)/signup.tsx
FN:16,(anonymous_0)
FN:52,(anonymous_1)
FN:68,(anonymous_2)
FN:73,(anonymous_3)
FN:78,(anonymous_4)
FN:87,(anonymous_5)
FN:141,(anonymous_6)
FN:175,(anonymous_7)
FN:192,(anonymous_8)
FN:221,(anonymous_9)
FN:221,(anonymous_10)
FN:235,(anonymous_11)
FN:235,(anonymous_12)
FN:250,(anonymous_13)
FN:250,(anonymous_14)
FN:255,(anonymous_15)
FN:274,(anonymous_16)
FN:274,(anonymous_17)
FN:279,(anonymous_18)
FN:291,(anonymous_19)
FN:306,(anonymous_20)
FN:329,(anonymous_21)
FNF:22
FNH:17
FNDA:6,(anonymous_0)
FNDA:6,(anonymous_1)
FNDA:1,(anonymous_2)
FNDA:6,(anonymous_3)
FNDA:1,(anonymous_4)
FNDA:1,(anonymous_5)
FNDA:0,(anonymous_6)
FNDA:0,(anonymous_7)
FNDA:36,(anonymous_8)
FNDA:1,(anonymous_9)
FNDA:1,(anonymous_10)
FNDA:1,(anonymous_11)
FNDA:1,(anonymous_12)
FNDA:1,(anonymous_13)
FNDA:1,(anonymous_14)
FNDA:0,(anonymous_15)
FNDA:1,(anonymous_16)
FNDA:1,(anonymous_17)
FNDA:0,(anonymous_18)
FNDA:1,(anonymous_19)
FNDA:6,(anonymous_20)
FNDA:0,(anonymous_21)
DA:16,1
DA:17,6
DA:18,0
DA:24,6
DA:52,1
DA:53,6
DA:54,6
DA:60,6
DA:61,6
DA:62,6
DA:63,6
DA:65,6
DA:66,6
DA:68,6
DA:69,1
DA:70,1
DA:73,6
DA:78,6
DA:79,1
DA:80,0
DA:81,0
DA:83,1
DA:87,6
DA:88,1
DA:89,1
DA:90,1
DA:91,1
DA:92,1
DA:94,1
DA:95,0
DA:96,0
DA:99,1
DA:100,0
DA:101,0
DA:104,1
DA:105,1
DA:106,1
DA:107,1
DA:110,0
DA:111,0
DA:112,0
DA:115,0
DA:117,0
DA:118,0
DA:124,0
DA:126,0
DA:127,0
DA:128,0
DA:134,0
DA:137,0
DA:138,0
DA:141,0
DA:143,0
DA:146,0
DA:147,0
DA:149,0
DA:150,0
DA:151,0
DA:154,0
DA:158,6
DA:167,6
DA:175,0
DA:193,36
DA:221,1
DA:235,1
DA:250,1
DA:255,0
DA:274,1
DA:279,0
DA:291,1
DA:306,6
DA:329,0
DA:361,1
LF:73
LH:41
BRDA:17,0,0,0
BRDA:17,0,1,6
BRDA:79,1,0,0
BRDA:79,1,1,1
BRDA:79,2,0,1
BRDA:79,2,1,1
BRDA:81,3,0,0
BRDA:81,3,1,0
BRDA:83,4,0,0
BRDA:83,4,1,1
BRDA:94,5,0,0
BRDA:94,5,1,1
BRDA:94,6,0,1
BRDA:94,6,1,1
BRDA:94,6,2,1
BRDA:99,7,0,0
BRDA:99,7,1,1
BRDA:105,8,0,1
BRDA:105,8,1,0
BRDA:106,9,0,1
BRDA:106,9,1,0
BRDA:110,10,0,0
BRDA:110,10,1,0
BRDA:126,11,0,0
BRDA:126,11,1,0
BRDA:129,12,0,0
BRDA:129,12,1,0
BRDA:130,13,0,0
BRDA:130,13,1,0
BRDA:132,14,0,0
BRDA:132,14,1,0
BRDA:137,15,0,0
BRDA:137,15,1,0
BRDA:150,16,0,0
BRDA:150,16,1,0
BRDA:151,17,0,0
BRDA:151,17,1,0
BRDA:154,18,0,0
BRDA:154,18,1,0
BRDA:257,19,0,0
BRDA:257,19,1,6
BRDA:281,20,0,0
BRDA:281,20,1,6
BRDA:293,21,0,6
BRDA:293,21,1,1
BRDA:294,22,0,6
BRDA:294,22,1,1
BRDA:308,23,0,6
BRDA:308,23,1,0
BRDA:309,24,0,6
BRDA:309,24,1,0
BRDA:318,25,0,0
BRDA:318,25,1,6
BRDA:322,26,0,0
BRDA:322,26,1,6
BRF:55
BRH:22
end_of_record
TN:
SF:app/(tabs)/reminder-settings.tsx
FN:22,(anonymous_0)
FN:23,(anonymous_1)
FN:46,ReminderSettings
FN:55,(anonymous_3)
FN:59,(anonymous_4)
FN:72,(anonymous_5)
FN:88,(anonymous_6)
FN:98,(anonymous_7)
FN:108,(anonymous_8)
FN:118,(anonymous_9)
FN:127,(anonymous_10)
FN:140,(anonymous_11)
FN:150,(anonymous_12)
FN:154,(anonymous_13)
FN:188,(anonymous_14)
FN:219,(anonymous_15)
FNF:16
FNH:14
FNDA:0,(anonymous_0)
FNDA:0,(anonymous_1)
FNDA:16,ReminderSettings
FNDA:7,(anonymous_3)
FNDA:7,(anonymous_4)
FNDA:2,(anonymous_5)
FNDA:1,(anonymous_6)
FNDA:1,(anonymous_7)
FNDA:9,(anonymous_8)
FNDA:27,(anonymous_9)
FNDA:1,(anonymous_10)
FNDA:9,(anonymous_11)
FNDA:18,(anonymous_12)
FNDA:1,(anonymous_13)
FNDA:1,(anonymous_14)
FNDA:18,(anonymous_15)
DA:18,1
DA:19,1
DA:21,0
DA:22,0
DA:35,1
DA:41,1
DA:47,16
DA:48,16
DA:52,16
DA:53,16
DA:55,16
DA:56,7
DA:59,16
DA:60,7
DA:61,7
DA:62,7
DA:63,1
DA:66,0
DA:68,7
DA:72,16
DA:73,2
DA:74,2
DA:75,2
DA:78,2
DA:79,2
DA:82,0
DA:84,2
DA:88,16
DA:89,1
DA:90,1
DA:93,1
DA:94,1
DA:95,1
DA:98,16
DA:99,1
DA:100,1
DA:103,1
DA:104,1
DA:105,1
DA:108,16
DA:117,9
DA:119,27
DA:127,1
DA:140,16
DA:149,9
DA:151,18
DA:154,1
DA:172,16
DA:173,7
DA:182,9
DA:188,1
DA:219,18
DA:277,1
LF:53
LH:49
BRDA:18,0,0,1
BRDA:18,0,1,0
BRDA:62,1,0,1
BRDA:62,1,1,6
BRDA:78,2,0,2
BRDA:78,2,1,0
BRDA:89,3,0,1
BRDA:89,3,1,0
BRDA:99,4,0,1
BRDA:99,4,1,0
BRDA:123,5,0,27
BRDA:123,5,1,9
BRDA:124,6,0,27
BRDA:124,6,1,9
BRDA:125,7,0,27
BRDA:125,7,1,9
BRDA:131,8,0,27
BRDA:131,8,1,9
BRDA:158,9,0,18
BRDA:158,9,1,9
BRDA:172,10,0,7
BRDA:172,10,1,9
BRDA:267,11,0,9
BRDA:267,11,1,0
BRF:24
BRH:19
end_of_record
TN:
SF:components/BudgetAlertRow.tsx
FN:26,(anonymous_0)
FN:39,(anonymous_1)
FN:49,(anonymous_2)
FN:65,(anonymous_3)
FN:82,(anonymous_4)
FN:109,(anonymous_5)
FN:114,(anonymous_6)
FN:170,(anonymous_7)
FN:186,(anonymous_8)
FN:188,(anonymous_9)
FNF:10
FNH:6
FNDA:17,(anonymous_0)
FNDA:18,(anonymous_1)
FNDA:3,(anonymous_2)
FNDA:4,(anonymous_3)
FNDA:3,(anonymous_4)
FNDA:0,(anonymous_5)
FNDA:3,(anonymous_6)
FNDA:0,(anonymous_7)
FNDA:0,(anonymous_8)
FNDA:0,(anonymous_9)
DA:26,1
DA:33,17
DA:34,17
DA:35,17
DA:36,17
DA:37,17
DA:39,17
DA:40,18
DA:46,18
DA:49,17
DA:50,3
DA:51,1
DA:52,1
DA:55,2
DA:56,2
DA:57,1
DA:58,1
DA:61,1
DA:62,1
DA:65,17
DA:67,4
DA:68,4
DA:71,4
DA:73,4
DA:74,4
DA:75,4
DA:76,4
DA:79,0
DA:82,17
DA:83,3
DA:84,2
DA:87,1
DA:88,1
DA:89,1
DA:92,1
DA:94,1
DA:95,1
DA:96,1
DA:99,1
DA:100,1
DA:103,0
DA:105,1
DA:109,17
DA:110,0
DA:111,0
DA:114,17
DA:116,3
DA:118,3
DA:119,3
DA:120,0
DA:123,3
DA:124,3
DA:125,0
DA:128,3
DA:129,0
DA:132,3
DA:135,3
DA:136,1
DA:140,17
DA:171,0
DA:172,0
DA:173,0
DA:188,0
DA:189,0
DA:253,1
LF:65
LH:53
BRDA:31,0,0,0
BRDA:34,1,0,17
BRDA:34,1,1,16
BRDA:46,2,0,18
BRDA:46,2,1,0
BRDA:50,3,0,1
BRDA:50,3,1,2
BRDA:56,4,0,1
BRDA:56,4,1,1
BRDA:56,5,0,2
BRDA:56,5,1,2
BRDA:67,6,0,4
BRDA:67,6,1,0
BRDA:71,7,0,4
BRDA:71,7,1,0
BRDA:71,8,0,4
BRDA:71,8,1,4
BRDA:83,9,0,2
BRDA:83,9,1,1
BRDA:99,10,0,1
BRDA:99,10,1,0
BRDA:119,11,0,0
BRDA:119,11,1,3
BRDA:123,12,0,3
BRDA:123,12,1,2
BRDA:124,13,0,0
BRDA:124,13,1,3
BRDA:128,14,0,0
BRDA:128,14,1,3
BRDA:128,15,0,3
BRDA:128,15,1,1
BRDA:135,16,0,1
BRDA:135,16,1,2
BRDA:150,17,0,1
BRDA:150,17,1,16
BRDA:167,18,0,17
BRDA:167,18,1,1
BRDA:167,18,2,1
BRDA:203,19,0,17
BRDA:203,19,1,1
BRDA:207,20,0,17
BRDA:207,20,1,1
BRDA:208,21,0,1
BRDA:208,21,1,16
BRDA:221,22,0,17
BRDA:221,22,1,2
BRDA:235,23,0,17
BRDA:235,23,1,2
BRF:48
BRH:40
end_of_record
TN:
SF:components/ThemeSelector.tsx
FN:40,(anonymous_0)
FN:53,(anonymous_1)
FN:60,(anonymous_2)
FN:67,(anonymous_3)
FN:105,(anonymous_4)
FN:112,(anonymous_5)
FN:148,(anonymous_6)
FNF:7
FNH:6
FNDA:13,(anonymous_0)
FNDA:1,(anonymous_1)
FNDA:12,(anonymous_2)
FNDA:0,(anonymous_3)
FNDA:27,(anonymous_4)
FNDA:1,(anonymous_5)
FNDA:13,(anonymous_6)
DA:19,1
DA:40,1
DA:44,13
DA:47,13
DA:48,0
DA:51,13
DA:53,13
DA:54,1
DA:57,13
DA:58,4
DA:61,12
DA:67,0
DA:94,9
DA:106,27
DA:112,1
DA:148,13
LF:16
LH:14
BRDA:41,0,0,11
BRDA:42,1,0,9
BRDA:47,2,0,0
BRDA:47,2,1,13
BRDA:57,3,0,4
BRDA:57,3,1,9
BRDA:65,4,0,12
BRDA:65,4,1,4
BRDA:74,5,0,12
BRDA:74,5,1,4
BRDA:77,6,0,4
BRDA:77,6,1,8
BRDA:80,7,0,12
BRDA:80,7,1,6
BRDA:83,8,0,6
BRDA:83,8,1,2
BRDA:96,9,0,9
BRDA:96,9,1,9
BRDA:110,10,0,27
BRDA:110,10,1,9
BRDA:120,11,0,27
BRDA:120,11,1,9
BRDA:123,12,0,9
BRDA:123,12,1,18
BRDA:129,13,0,27
BRDA:129,13,1,9
BRDA:137,14,0,27
BRDA:137,14,1,9
BRF:28
BRH:27
end_of_record
TN:
SF:config/featureFlags.ts
FNF:0
FNH:0
DA:2,1
DA:29,1
DA:30,1
DA:31,1
DA:32,1
DA:33,1
DA:34,1
LF:7
LH:7
BRDA:29,0,0,1
BRDA:29,0,1,0
BRF:2
BRH:1
end_of_record
TN:
SF:constants/Typography.ts
FN:137,(anonymous_0)
FN:178,(anonymous_1)
FN:197,(anonymous_2)
FNF:3
FNH:0
FNDA:0,(anonymous_0)
FNDA:0,(anonymous_1)
FNDA:0,(anonymous_2)
DA:5,3
DA:16,3
DA:23,3
DA:30,3
DA:137,3
DA:139,0
DA:140,0
DA:153,0
DA:166,3
DA:178,3
DA:179,0
DA:180,0
DA:183,0
DA:184,0
DA:197,3
DA:198,0
DA:199,0
DA:211,0
DA:212,0
DA:225,3
LF:20
LH:9
BRDA:139,0,0,0
BRDA:139,0,1,0
BRDA:179,1,0,0
BRDA:179,1,1,0
BRDA:198,2,0,0
BRDA:198,2,1,0
BRF:6
BRH:0
end_of_record
TN:
SF:constants/auth.ts
FNF:0
FNH:0
DA:1,1
DA:2,1
DA:4,1
LF:3
LH:3
BRF:0
BRH:0
end_of_record
TN:
SF:constants/theme.ts
FNF:0
FNH:0
DA:34,3
DA:65,3
DA:96,3
DA:104,3
LF:4
LH:4
BRF:0
BRH:0
end_of_record
TN:
SF:contexts/AuthContext.tsx
FN:55,(anonymous_0)
FN:56,(anonymous_1)
FN:60,(anonymous_2)
FN:83,(anonymous_3)
FN:96,(anonymous_4)
FN:104,(anonymous_5)
FN:114,(anonymous_6)
FN:119,(anonymous_7)
FN:124,(anonymous_8)
FN:161,(anonymous_9)
FN:172,(anonymous_10)
FN:178,(anonymous_11)
FN:222,(anonymous_12)
FN:314,(anonymous_13)
FN:339,(anonymous_14)
FN:354,(anonymous_15)
FN:355,(anonymous_16)
FN:366,(anonymous_17)
FN:372,(anonymous_18)
FNF:19
FNH:11
FNDA:0,(anonymous_0)
FNDA:0,(anonymous_1)
FNDA:0,(anonymous_2)
FNDA:0,(anonymous_3)
FNDA:7,(anonymous_4)
FNDA:8,(anonymous_5)
FNDA:3,(anonymous_6)
FNDA:0,(anonymous_7)
FNDA:3,(anonymous_8)
FNDA:0,(anonymous_9)
FNDA:3,(anonymous_10)
FNDA:0,(anonymous_11)
FNDA:1,(anonymous_12)
FNDA:0,(anonymous_13)
FNDA:1,(anonymous_14)
FNDA:3,(anonymous_15)
FNDA:1,(anonymous_16)
FNDA:3,(anonymous_17)
FNDA:7,(anonymous_18)
DA:40,1
DA:43,1
DA:46,1
DA:55,1
DA:56,0
DA:57,0
DA:60,1
DA:61,0
DA:62,0
DA:83,1
DA:84,0
DA:85,0
DA:96,1
DA:97,7
DA:98,7
DA:99,0
DA:101,7
DA:104,1
DA:105,8
DA:106,8
DA:107,8
DA:108,8
DA:112,8
DA:114,8
DA:115,3
DA:117,3
DA:118,0
DA:119,0
DA:120,0
DA:124,3
DA:125,3
DA:127,3
DA:128,0
DA:131,0
DA:132,0
DA:134,0
DA:137,3
DA:138,3
DA:139,0
DA:140,0
DA:143,3
DA:144,0
DA:147,3
DA:148,3
DA:150,0
DA:152,3
DA:153,3
DA:158,3
DA:160,3
DA:162,0
DA:163,0
DA:166,0
DA:167,0
DA:168,0
DA:172,3
DA:173,3
DA:174,3
DA:178,8
DA:179,0
DA:180,0
DA:186,0
DA:187,0
DA:188,0
DA:193,0
DA:194,0
DA:197,0
DA:198,0
DA:204,0
DA:205,0
DA:206,0
DA:208,0
DA:209,0
DA:217,0
DA:221,8
DA:231,1
DA:232,0
DA:238,1
DA:239,1
DA:240,1
DA:250,1
DA:251,0
DA:254,1
DA:255,1
DA:256,1
DA:258,1
DA:267,1
DA:269,1
DA:279,1
DA:281,1
DA:282,1
DA:289,1
DA:290,1
DA:291,1
DA:294,1
DA:299,0
DA:300,0
DA:308,1
DA:314,8
DA:315,0
DA:316,0
DA:317,0
DA:318,0
DA:319,0
DA:322,0
DA:323,0
DA:324,0
DA:326,0
DA:327,0
DA:335,0
DA:339,8
DA:340,1
DA:341,1
DA:342,1
DA:343,0
DA:344,0
DA:347,1
DA:348,1
DA:350,0
DA:354,8
DA:355,3
DA:356,1
DA:357,1
DA:361,3
DA:366,3
DA:367,3
DA:371,8
DA:372,7
DA:394,8
LF:128
LH:72
BRDA:43,0,0,1
BRDA:43,0,1,1
BRDA:43,0,2,0
BRDA:47,1,0,1
BRDA:47,1,1,1
BRDA:47,1,2,1
BRDA:47,1,3,1
BRDA:55,2,0,0
BRDA:68,3,0,0
BRDA:68,3,1,0
BRDA:68,3,2,0
BRDA:98,4,0,0
BRDA:98,4,1,7
BRDA:112,5,0,8
BRDA:112,5,1,0
BRDA:117,6,0,0
BRDA:117,6,1,3
BRDA:127,7,0,0
BRDA:127,7,1,3
BRDA:131,8,0,0
BRDA:131,8,1,0
BRDA:138,9,0,0
BRDA:138,9,1,3
BRDA:143,10,0,0
BRDA:143,10,1,3
BRDA:147,11,0,3
BRDA:147,11,1,3
BRDA:148,12,0,3
BRDA:148,12,1,3
BRDA:152,13,0,3
BRDA:152,13,1,0
BRDA:162,14,0,0
BRDA:162,14,1,0
BRDA:167,15,0,0
BRDA:167,15,1,0
BRDA:179,16,0,0
BRDA:179,16,1,0
BRDA:193,17,0,0
BRDA:193,17,1,0
BRDA:197,18,0,0
BRDA:197,18,1,0
BRDA:212,19,0,0
BRDA:212,19,1,0
BRDA:231,20,0,0
BRDA:231,20,1,1
BRDA:245,21,0,1
BRDA:245,21,1,0
BRDA:250,22,0,0
BRDA:250,22,1,1
BRDA:255,23,0,1
BRDA:255,23,1,0
BRDA:261,24,0,1
BRDA:261,24,1,0
BRDA:279,25,0,1
BRDA:279,25,1,0
BRDA:281,26,0,1
BRDA:281,26,1,0
BRDA:289,27,0,1
BRDA:289,27,1,0
BRDA:303,28,0,0
BRDA:303,28,1,0
BRDA:318,29,0,0
BRDA:318,29,1,0
BRDA:330,30,0,0
BRDA:330,30,1,0
BRDA:342,31,0,0
BRDA:342,31,1,1
BRDA:347,32,0,1
BRDA:347,32,1,1
BRDA:348,33,0,1
BRDA:348,33,1,1
BRDA:356,34,0,1
BRDA:356,34,1,0
BRF:73
BRH:31
end_of_record
TN:
SF:contexts/ThemeContext.tsx
FN:19,(anonymous_0)
FN:32,(anonymous_1)
FN:36,(anonymous_2)
FN:50,(anonymous_3)
FN:51,(anonymous_4)
FN:69,(anonymous_5)
FN:75,(anonymous_6)
FN:78,(anonymous_7)
FN:86,(anonymous_8)
FN:107,(anonymous_9)
FN:116,(anonymous_10)
FN:122,(anonymous_11)
FN:125,(anonymous_12)
FNF:13
FNH:7
FNDA:13,(anonymous_0)
FNDA:6,(anonymous_1)
FNDA:0,(anonymous_2)
FNDA:6,(anonymous_3)
FNDA:6,(anonymous_4)
FNDA:13,(anonymous_5)
FNDA:1,(anonymous_6)
FNDA:0,(anonymous_7)
FNDA:0,(anonymous_8)
FNDA:13,(anonymous_9)
FNDA:0,(anonymous_10)
FNDA:0,(anonymous_11)
FNDA:0,(anonymous_12)
DA:15,3
DA:17,3
DA:19,3
DA:20,13
DA:21,13
DA:22,13
DA:25,13
DA:29,13
DA:32,13
DA:33,6
DA:34,0
DA:36,0
DA:37,0
DA:38,0
DA:42,0
DA:43,0
DA:44,0
DA:50,13
DA:51,6
DA:52,6
DA:53,6
DA:54,6
DA:55,6
DA:56,3
DA:59,0
DA:61,6
DA:65,6
DA:69,13
DA:70,13
DA:71,6
DA:75,13
DA:76,1
DA:77,1
DA:78,1
DA:79,0
DA:82,0
DA:86,13
DA:87,0
DA:88,0
DA:91,13
DA:100,13
DA:107,3
DA:108,13
DA:109,13
DA:110,0
DA:112,13
DA:116,3
DA:117,0
DA:118,0
DA:122,3
DA:125,0
LF:51
LH:35
BRDA:25,0,0,8
BRDA:25,0,1,5
BRDA:26,1,0,0
BRDA:26,1,1,8
BRDA:33,2,0,0
BRDA:33,2,1,6
BRDA:34,3,0,0
BRDA:34,3,1,0
BRDA:37,4,0,0
BRDA:37,4,1,0
BRDA:43,5,0,0
BRDA:43,5,1,0
BRDA:55,6,0,3
BRDA:55,6,1,3
BRDA:55,7,0,6
BRDA:55,7,1,3
BRDA:70,8,0,6
BRDA:70,8,1,7
BRDA:87,9,0,0
BRDA:87,9,1,0
BRDA:109,10,0,0
BRDA:109,10,1,13
BRF:22
BRH:11
end_of_record
TN:
SF:utils/auth/validatePassword.ts
FN:12,(anonymous_0)
FNF:1
FNH:1
FNDA:1,(anonymous_0)
DA:12,1
DA:13,1
DA:14,1
DA:17,0
DA:18,0
DA:21,0
LF:6
LH:3
BRDA:13,0,0,1
BRDA:13,0,1,0
BRDA:13,1,0,1
BRDA:13,1,1,1
BRDA:17,2,0,0
BRDA:17,2,1,0
BRF:6
BRH:3
end_of_record
